INFO:     Started server process [243292]
INFO:     Waiting for application startup.
INFO:     Application startup complete.
INFO:     Uvicorn running on http://0.0.0.0:8003 (Press CTRL+C to quit)
INFO:     127.0.0.1:52528 - "GET / HTTP/1.1" 200 OK
INFO:     127.0.0.1:59598 - "GET / HTTP/1.1" 200 OK
INFO:     127.0.0.1:34412 - "GET /api/scans HTTP/1.1" 200 OK
INFO:     127.0.0.1:41940 - "GET /api/scan/f0a9c96b/report HTTP/1.1" 200 OK
INFO:     127.0.0.1:41940 - "GET /favicon.ico HTTP/1.1" 404 Not Found
INFO:     Shutting down
INFO:     Waiting for application shutdown.
INFO:     Application shutdown complete.
INFO:     Finished server process [243292]
INFO:     Started server process [243916]
INFO:     Waiting for application startup.
INFO:     Application startup complete.
INFO:     Uvicorn running on http://0.0.0.0:8003 (Press CTRL+C to quit)
INFO:     127.0.0.1:41048 - "GET / HTTP/1.1" 200 OK
INFO:     127.0.0.1:53042 - "GET /api/scan/f0a9c96b/report HTTP/1.1" 200 OK
INFO:     Shutting down
INFO:     Waiting for application shutdown.
INFO:     Application shutdown complete.
INFO:     Finished server process [243916]
INFO:     Started server process [244177]
INFO:     Waiting for application startup.
INFO:     Application startup complete.
INFO:     Uvicorn running on http://0.0.0.0:8003 (Press CTRL+C to quit)
INFO:     127.0.0.1:42556 - "POST /api/scan HTTP/1.1" 401 Unauthorized
INFO:     127.0.0.1:42560 - "POST /api/scan HTTP/1.1" 200 OK
INFO:     127.0.0.1:36232 - "GET / HTTP/1.1" 200 OK
INFO:     127.0.0.1:0 - "GET / HTTP/1.1" 200 OK
INFO:     71.202.162.210:0 - "GET / HTTP/1.1" 200 OK
INFO:     71.202.162.210:0 - "GET /api/scan/f0a9c96b/report HTTP/1.1" 200 OK
INFO:     Shutting down
INFO:     Waiting for application shutdown.
INFO:     Application shutdown complete.
INFO:     Finished server process [244177]
INFO:     Started server process [244695]
INFO:     Waiting for application startup.
INFO:     Application startup complete.
INFO:     Uvicorn running on http://0.0.0.0:8003 (Press CTRL+C to quit)
INFO:     71.202.162.210:0 - "GET /api/scan/f0a9c96b/report HTTP/1.1" 200 OK
INFO:     71.202.162.210:0 - "GET /favicon.ico HTTP/1.1" 404 Not Found
INFO:     Shutting down
INFO:     Waiting for application shutdown.
INFO:     Application shutdown complete.
INFO:     Finished server process [244695]
INFO:     Started server process [244906]
INFO:     Waiting for application startup.
INFO:     Application startup complete.
INFO:     Uvicorn running on http://0.0.0.0:8003 (Press CTRL+C to quit)
INFO:     71.202.162.210:0 - "GET / HTTP/1.1" 200 OK
INFO:     71.202.162.210:0 - "POST /api/scan HTTP/1.1" 200 OK
INFO:     71.202.162.210:0 - "POST /api/scan HTTP/1.1" 200 OK
INFO:     Shutting down
INFO:     Waiting for application shutdown.
INFO:     Application shutdown complete.
INFO:     Finished server process [244906]
INFO:     Started server process [245183]
INFO:     Waiting for application startup.
INFO:     Application startup complete.
INFO:     Uvicorn running on http://0.0.0.0:8003 (Press CTRL+C to quit)
INFO:     71.202.162.210:0 - "POST /api/scan HTTP/1.1" 200 OK
INFO:     71.202.162.210:0 - "POST /api/scan HTTP/1.1" 200 OK
INFO:     Shutting down
INFO:     Waiting for application shutdown.
INFO:     Application shutdown complete.
INFO:     Finished server process [245183]
INFO:     Started server process [245456]
INFO:     Waiting for application startup.
INFO:     Application startup complete.
INFO:     Uvicorn running on http://0.0.0.0:8003 (Press CTRL+C to quit)
INFO:     71.202.162.210:0 - "POST /api/scan HTTP/1.1" 401 Unauthorized
INFO:     71.202.162.210:0 - "POST /api/scan HTTP/1.1" 200 OK
INFO:     Shutting down
INFO:     Waiting for application shutdown.
INFO:     Application shutdown complete.
INFO:     Finished server process [245456]
INFO:     Started server process [245749]
INFO:     Waiting for application startup.
INFO:     Application startup complete.
INFO:     Uvicorn running on http://0.0.0.0:8003 (Press CTRL+C to quit)
INFO:     71.202.162.210:0 - "GET / HTTP/1.1" 500 Internal Server Error
ERROR:    Exception in ASGI application
Traceback (most recent call last):
  File "/home/ubuntu/website-quality-agent/.venv/lib/python3.12/site-packages/uvicorn/protocols/http/h11_impl.py", line 410, in run_asgi
    result = await app(  # type: ignore[func-returns-value]
             ^^^^^^^^^^^^^^^^^^^^^^^^^^^^^^^^^^^^^^^^^^^^^^
  File "/home/ubuntu/website-quality-agent/.venv/lib/python3.12/site-packages/uvicorn/middleware/proxy_headers.py", line 60, in __call__
    return await self.app(scope, receive, send)
           ^^^^^^^^^^^^^^^^^^^^^^^^^^^^^^^^^^^^
  File "/home/ubuntu/website-quality-agent/.venv/lib/python3.12/site-packages/fastapi/applications.py", line 1135, in __call__
    await super().__call__(scope, receive, send)
  File "/home/ubuntu/website-quality-agent/.venv/lib/python3.12/site-packages/starlette/applications.py", line 107, in __call__
    await self.middleware_stack(scope, receive, send)
  File "/home/ubuntu/website-quality-agent/.venv/lib/python3.12/site-packages/starlette/middleware/errors.py", line 186, in __call__
    raise exc
  File "/home/ubuntu/website-quality-agent/.venv/lib/python3.12/site-packages/starlette/middleware/errors.py", line 164, in __call__
    await self.app(scope, receive, _send)
  File "/home/ubuntu/website-quality-agent/.venv/lib/python3.12/site-packages/starlette/middleware/cors.py", line 85, in __call__
    await self.app(scope, receive, send)
  File "/home/ubuntu/website-quality-agent/.venv/lib/python3.12/site-packages/starlette/middleware/sessions.py", line 85, in __call__
    await self.app(scope, receive, send_wrapper)
  File "/home/ubuntu/website-quality-agent/.venv/lib/python3.12/site-packages/starlette/middleware/exceptions.py", line 63, in __call__
    await wrap_app_handling_exceptions(self.app, conn)(scope, receive, send)
  File "/home/ubuntu/website-quality-agent/.venv/lib/python3.12/site-packages/starlette/_exception_handler.py", line 53, in wrapped_app
    raise exc
  File "/home/ubuntu/website-quality-agent/.venv/lib/python3.12/site-packages/starlette/_exception_handler.py", line 42, in wrapped_app
    await app(scope, receive, sender)
  File "/home/ubuntu/website-quality-agent/.venv/lib/python3.12/site-packages/fastapi/middleware/asyncexitstack.py", line 18, in __call__
    await self.app(scope, receive, send)
  File "/home/ubuntu/website-quality-agent/.venv/lib/python3.12/site-packages/starlette/routing.py", line 716, in __call__
    await self.middleware_stack(scope, receive, send)
  File "/home/ubuntu/website-quality-agent/.venv/lib/python3.12/site-packages/starlette/routing.py", line 736, in app
    await route.handle(scope, receive, send)
  File "/home/ubuntu/website-quality-agent/.venv/lib/python3.12/site-packages/starlette/routing.py", line 290, in handle
    await self.app(scope, receive, send)
  File "/home/ubuntu/website-quality-agent/.venv/lib/python3.12/site-packages/fastapi/routing.py", line 119, in app
    await wrap_app_handling_exceptions(app, request)(scope, receive, send)
  File "/home/ubuntu/website-quality-agent/.venv/lib/python3.12/site-packages/starlette/_exception_handler.py", line 53, in wrapped_app
    raise exc
  File "/home/ubuntu/website-quality-agent/.venv/lib/python3.12/site-packages/starlette/_exception_handler.py", line 42, in wrapped_app
    await app(scope, receive, sender)
  File "/home/ubuntu/website-quality-agent/.venv/lib/python3.12/site-packages/fastapi/routing.py", line 105, in app
    response = await f(request)
               ^^^^^^^^^^^^^^^^
  File "/home/ubuntu/website-quality-agent/.venv/lib/python3.12/site-packages/fastapi/routing.py", line 426, in app
    raw_response = await run_endpoint_function(
                   ^^^^^^^^^^^^^^^^^^^^^^^^^^^^
  File "/home/ubuntu/website-quality-agent/.venv/lib/python3.12/site-packages/fastapi/routing.py", line 312, in run_endpoint_function
    return await dependant.call(**values)
           ^^^^^^^^^^^^^^^^^^^^^^^^^^^^^^
  File "/home/ubuntu/website-quality-agent/src/website_agent/api/app.py", line 184, in dashboard
    if scan.status == "completed" and scan.summary:
                                      ^^^^^^^^^^^^
  File "/home/ubuntu/website-quality-agent/.venv/lib/python3.12/site-packages/pydantic/main.py", line 1026, in __getattr__
    raise AttributeError(f'{type(self).__name__!r} object has no attribute {item!r}')
AttributeError: 'ScanStatus' object has no attribute 'summary'
INFO:     71.202.162.210:0 - "GET / HTTP/1.1" 500 Internal Server Error
ERROR:    Exception in ASGI application
Traceback (most recent call last):
  File "/home/ubuntu/website-quality-agent/.venv/lib/python3.12/site-packages/uvicorn/protocols/http/h11_impl.py", line 410, in run_asgi
    result = await app(  # type: ignore[func-returns-value]
             ^^^^^^^^^^^^^^^^^^^^^^^^^^^^^^^^^^^^^^^^^^^^^^
  File "/home/ubuntu/website-quality-agent/.venv/lib/python3.12/site-packages/uvicorn/middleware/proxy_headers.py", line 60, in __call__
    return await self.app(scope, receive, send)
           ^^^^^^^^^^^^^^^^^^^^^^^^^^^^^^^^^^^^
  File "/home/ubuntu/website-quality-agent/.venv/lib/python3.12/site-packages/fastapi/applications.py", line 1135, in __call__
    await super().__call__(scope, receive, send)
  File "/home/ubuntu/website-quality-agent/.venv/lib/python3.12/site-packages/starlette/applications.py", line 107, in __call__
    await self.middleware_stack(scope, receive, send)
  File "/home/ubuntu/website-quality-agent/.venv/lib/python3.12/site-packages/starlette/middleware/errors.py", line 186, in __call__
    raise exc
  File "/home/ubuntu/website-quality-agent/.venv/lib/python3.12/site-packages/starlette/middleware/errors.py", line 164, in __call__
    await self.app(scope, receive, _send)
  File "/home/ubuntu/website-quality-agent/.venv/lib/python3.12/site-packages/starlette/middleware/cors.py", line 85, in __call__
    await self.app(scope, receive, send)
  File "/home/ubuntu/website-quality-agent/.venv/lib/python3.12/site-packages/starlette/middleware/sessions.py", line 85, in __call__
    await self.app(scope, receive, send_wrapper)
  File "/home/ubuntu/website-quality-agent/.venv/lib/python3.12/site-packages/starlette/middleware/exceptions.py", line 63, in __call__
    await wrap_app_handling_exceptions(self.app, conn)(scope, receive, send)
  File "/home/ubuntu/website-quality-agent/.venv/lib/python3.12/site-packages/starlette/_exception_handler.py", line 53, in wrapped_app
    raise exc
  File "/home/ubuntu/website-quality-agent/.venv/lib/python3.12/site-packages/starlette/_exception_handler.py", line 42, in wrapped_app
    await app(scope, receive, sender)
  File "/home/ubuntu/website-quality-agent/.venv/lib/python3.12/site-packages/fastapi/middleware/asyncexitstack.py", line 18, in __call__
    await self.app(scope, receive, send)
  File "/home/ubuntu/website-quality-agent/.venv/lib/python3.12/site-packages/starlette/routing.py", line 716, in __call__
    await self.middleware_stack(scope, receive, send)
  File "/home/ubuntu/website-quality-agent/.venv/lib/python3.12/site-packages/starlette/routing.py", line 736, in app
    await route.handle(scope, receive, send)
  File "/home/ubuntu/website-quality-agent/.venv/lib/python3.12/site-packages/starlette/routing.py", line 290, in handle
    await self.app(scope, receive, send)
  File "/home/ubuntu/website-quality-agent/.venv/lib/python3.12/site-packages/fastapi/routing.py", line 119, in app
    await wrap_app_handling_exceptions(app, request)(scope, receive, send)
  File "/home/ubuntu/website-quality-agent/.venv/lib/python3.12/site-packages/starlette/_exception_handler.py", line 53, in wrapped_app
    raise exc
  File "/home/ubuntu/website-quality-agent/.venv/lib/python3.12/site-packages/starlette/_exception_handler.py", line 42, in wrapped_app
    await app(scope, receive, sender)
  File "/home/ubuntu/website-quality-agent/.venv/lib/python3.12/site-packages/fastapi/routing.py", line 105, in app
    response = await f(request)
               ^^^^^^^^^^^^^^^^
  File "/home/ubuntu/website-quality-agent/.venv/lib/python3.12/site-packages/fastapi/routing.py", line 426, in app
    raw_response = await run_endpoint_function(
                   ^^^^^^^^^^^^^^^^^^^^^^^^^^^^
  File "/home/ubuntu/website-quality-agent/.venv/lib/python3.12/site-packages/fastapi/routing.py", line 312, in run_endpoint_function
    return await dependant.call(**values)
           ^^^^^^^^^^^^^^^^^^^^^^^^^^^^^^
  File "/home/ubuntu/website-quality-agent/src/website_agent/api/app.py", line 184, in dashboard
    if scan.status == "completed" and scan.summary:
                                      ^^^^^^^^^^^^
  File "/home/ubuntu/website-quality-agent/.venv/lib/python3.12/site-packages/pydantic/main.py", line 1026, in __getattr__
    raise AttributeError(f'{type(self).__name__!r} object has no attribute {item!r}')
AttributeError: 'ScanStatus' object has no attribute 'summary'
INFO:     Shutting down
INFO:     Waiting for application shutdown.
INFO:     Application shutdown complete.
INFO:     Finished server process [245749]
INFO:     Started server process [245986]
INFO:     Waiting for application startup.
INFO:     Application startup complete.
INFO:     Uvicorn running on http://0.0.0.0:8003 (Press CTRL+C to quit)
INFO:     71.202.162.210:0 - "GET / HTTP/1.1" 500 Internal Server Error
ERROR:    Exception in ASGI application
Traceback (most recent call last):
  File "/home/ubuntu/website-quality-agent/.venv/lib/python3.12/site-packages/uvicorn/protocols/http/h11_impl.py", line 410, in run_asgi
    result = await app(  # type: ignore[func-returns-value]
             ^^^^^^^^^^^^^^^^^^^^^^^^^^^^^^^^^^^^^^^^^^^^^^
  File "/home/ubuntu/website-quality-agent/.venv/lib/python3.12/site-packages/uvicorn/middleware/proxy_headers.py", line 60, in __call__
    return await self.app(scope, receive, send)
           ^^^^^^^^^^^^^^^^^^^^^^^^^^^^^^^^^^^^
  File "/home/ubuntu/website-quality-agent/.venv/lib/python3.12/site-packages/fastapi/applications.py", line 1135, in __call__
    await super().__call__(scope, receive, send)
  File "/home/ubuntu/website-quality-agent/.venv/lib/python3.12/site-packages/starlette/applications.py", line 107, in __call__
    await self.middleware_stack(scope, receive, send)
  File "/home/ubuntu/website-quality-agent/.venv/lib/python3.12/site-packages/starlette/middleware/errors.py", line 186, in __call__
    raise exc
  File "/home/ubuntu/website-quality-agent/.venv/lib/python3.12/site-packages/starlette/middleware/errors.py", line 164, in __call__
    await self.app(scope, receive, _send)
  File "/home/ubuntu/website-quality-agent/.venv/lib/python3.12/site-packages/starlette/middleware/cors.py", line 85, in __call__
    await self.app(scope, receive, send)
  File "/home/ubuntu/website-quality-agent/.venv/lib/python3.12/site-packages/starlette/middleware/sessions.py", line 85, in __call__
    await self.app(scope, receive, send_wrapper)
  File "/home/ubuntu/website-quality-agent/.venv/lib/python3.12/site-packages/starlette/middleware/exceptions.py", line 63, in __call__
    await wrap_app_handling_exceptions(self.app, conn)(scope, receive, send)
  File "/home/ubuntu/website-quality-agent/.venv/lib/python3.12/site-packages/starlette/_exception_handler.py", line 53, in wrapped_app
    raise exc
  File "/home/ubuntu/website-quality-agent/.venv/lib/python3.12/site-packages/starlette/_exception_handler.py", line 42, in wrapped_app
    await app(scope, receive, sender)
  File "/home/ubuntu/website-quality-agent/.venv/lib/python3.12/site-packages/fastapi/middleware/asyncexitstack.py", line 18, in __call__
    await self.app(scope, receive, send)
  File "/home/ubuntu/website-quality-agent/.venv/lib/python3.12/site-packages/starlette/routing.py", line 716, in __call__
    await self.middleware_stack(scope, receive, send)
  File "/home/ubuntu/website-quality-agent/.venv/lib/python3.12/site-packages/starlette/routing.py", line 736, in app
    await route.handle(scope, receive, send)
  File "/home/ubuntu/website-quality-agent/.venv/lib/python3.12/site-packages/starlette/routing.py", line 290, in handle
    await self.app(scope, receive, send)
  File "/home/ubuntu/website-quality-agent/.venv/lib/python3.12/site-packages/fastapi/routing.py", line 119, in app
    await wrap_app_handling_exceptions(app, request)(scope, receive, send)
  File "/home/ubuntu/website-quality-agent/.venv/lib/python3.12/site-packages/starlette/_exception_handler.py", line 53, in wrapped_app
    raise exc
  File "/home/ubuntu/website-quality-agent/.venv/lib/python3.12/site-packages/starlette/_exception_handler.py", line 42, in wrapped_app
    await app(scope, receive, sender)
  File "/home/ubuntu/website-quality-agent/.venv/lib/python3.12/site-packages/fastapi/routing.py", line 105, in app
    response = await f(request)
               ^^^^^^^^^^^^^^^^
  File "/home/ubuntu/website-quality-agent/.venv/lib/python3.12/site-packages/fastapi/routing.py", line 426, in app
    raw_response = await run_endpoint_function(
                   ^^^^^^^^^^^^^^^^^^^^^^^^^^^^
  File "/home/ubuntu/website-quality-agent/.venv/lib/python3.12/site-packages/fastapi/routing.py", line 312, in run_endpoint_function
    return await dependant.call(**values)
           ^^^^^^^^^^^^^^^^^^^^^^^^^^^^^^
  File "/home/ubuntu/website-quality-agent/src/website_agent/api/app.py", line 190, in dashboard
    score = f"{full_scan.summary.get('overall_score', 0):.0f}"
               ^^^^^^^^^^^^^^^^^^^^^
  File "/home/ubuntu/website-quality-agent/.venv/lib/python3.12/site-packages/pydantic/main.py", line 1026, in __getattr__
    raise AttributeError(f'{type(self).__name__!r} object has no attribute {item!r}')
AttributeError: 'ScanSummary' object has no attribute 'get'
INFO:     71.202.162.210:0 - "GET /api/scan/f0a9c96b/report HTTP/1.1" 200 OK
INFO:     Shutting down
INFO:     Waiting for application shutdown.
INFO:     Application shutdown complete.
INFO:     Finished server process [245986]
INFO:     Started server process [246171]
INFO:     Waiting for application startup.
INFO:     Application startup complete.
INFO:     Uvicorn running on http://0.0.0.0:8003 (Press CTRL+C to quit)
INFO:     71.202.162.210:0 - "GET / HTTP/1.1" 200 OK
INFO:     71.202.162.210:0 - "GET / HTTP/1.1" 200 OK
INFO:     71.202.162.210:0 - "GET /api/scan/f0a9c96b/report HTTP/1.1" 200 OK
INFO:     71.202.162.210:0 - "GET /api/scan/f0a9c96b/report HTTP/1.1" 200 OK
INFO:     Shutting down
INFO:     Waiting for application shutdown.
INFO:     Application shutdown complete.
INFO:     Finished server process [246171]
INFO:     Started server process [246441]
INFO:     Waiting for application startup.
INFO:     Application startup complete.
INFO:     Uvicorn running on http://0.0.0.0:8003 (Press CTRL+C to quit)
INFO:     71.202.162.210:0 - "GET / HTTP/1.1" 401 Unauthorized
INFO:     71.202.162.210:0 - "GET / HTTP/1.1" 200 OK
INFO:     71.202.162.210:0 - "GET /api/scan/f0a9c96b/report HTTP/1.1" 401 Unauthorized
INFO:     172.217.36.190:0 - "GET /auth/callback HTTP/1.1" 401 Unauthorized
INFO:     2601:645:8a84:56a0:b1bc:7b4e:134f:f10a:0 - "GET / HTTP/1.1" 401 Unauthorized
INFO:     Shutting down
INFO:     Waiting for application shutdown.
INFO:     Application shutdown complete.
INFO:     Finished server process [246441]
INFO:     Started server process [251286]
INFO:     Waiting for application startup.
INFO:     Application startup complete.
INFO:     Uvicorn running on http://0.0.0.0:8003 (Press CTRL+C to quit)
INFO:     Shutting down
INFO:     Waiting for application shutdown.
INFO:     Application shutdown complete.
INFO:     Finished server process [251286]
INFO:     Started server process [252076]
INFO:     Waiting for application startup.
INFO:     Application startup complete.
INFO:     Uvicorn running on http://0.0.0.0:8003 (Press CTRL+C to quit)
INFO:     127.0.0.1:57802 - "GET / HTTP/1.1" 401 Unauthorized
INFO:     127.0.0.1:0 - "GET / HTTP/1.1" 401 Unauthorized
INFO:     Shutting down
INFO:     Waiting for application shutdown.
INFO:     Application shutdown complete.
INFO:     Finished server process [252076]
INFO:     Started server process [253949]
INFO:     Waiting for application startup.
INFO:     Application startup complete.
INFO:     Uvicorn running on http://0.0.0.0:8003 (Press CTRL+C to quit)
INFO:     Shutting down
INFO:     Waiting for application shutdown.
INFO:     Application shutdown complete.
INFO:     Finished server process [253949]
INFO:     Started server process [254085]
INFO:     Waiting for application startup.
INFO:     Application startup complete.
INFO:     Uvicorn running on http://0.0.0.0:8003 (Press CTRL+C to quit)
INFO:     71.202.162.210:0 - "GET / HTTP/1.1" 401 Unauthorized
INFO:     2601:645:8a84:56a0:b1bc:7b4e:134f:f10a:0 - "GET / HTTP/1.1" 302 Found
INFO:     2601:645:8a84:56a0:b1bc:7b4e:134f:f10a:0 - "GET / HTTP/1.1" 302 Found
INFO:     2601:645:8a84:56a0:b1bc:7b4e:134f:f10a:0 - "GET / HTTP/1.1" 302 Found
INFO:     2601:645:8a84:56a0:b1bc:7b4e:134f:f10a:0 - "HEAD / HTTP/1.1" 405 Method Not Allowed
INFO:     2601:645:8a84:56a0:b1bc:7b4e:134f:f10a:0 - "HEAD / HTTP/1.1" 405 Method Not Allowed
INFO:     2601:645:8a84:56a0:b1bc:7b4e:134f:f10a:0 - "GET / HTTP/1.1" 302 Found
INFO:     2601:645:8a84:56a0:b1bc:7b4e:134f:f10a:0 - "GET / HTTP/1.1" 302 Found
INFO:     Shutting down
INFO:     Waiting for application shutdown.
INFO:     Application shutdown complete.
INFO:     Finished server process [254085]
INFO:     Started server process [256020]
INFO:     Waiting for application startup.
INFO:     Application startup complete.
INFO:     Uvicorn running on http://0.0.0.0:8003 (Press CTRL+C to quit)
INFO:     2601:645:8a84:56a0:b1bc:7b4e:134f:f10a:0 - "GET / HTTP/1.1" 302 Found
INFO:     2601:645:8a84:56a0:b1bc:7b4e:134f:f10a:0 - "GET / HTTP/1.1" 302 Found
INFO:     2601:645:8a84:56a0:b1bc:7b4e:134f:f10a:0 - "GET /auth/login HTTP/1.1" 302 Found
INFO:     2601:645:8a84:56a0:b1bc:7b4e:134f:f10a:0 - "GET / HTTP/1.1" 302 Found
INFO:     2601:645:8a84:56a0:b1bc:7b4e:134f:f10a:0 - "GET /auth/login HTTP/1.1" 302 Found
INFO:     2601:645:8a84:56a0:b1bc:7b4e:134f:f10a:0 - "GET /auth/callback?state=f4KvqLXsfZzVzcvZJz42uHJ3c4LHKa&code=4%2F0ATX87lOHn4bgyjcRiRi6IG9-CFnpclueNGkwOKXqEbt-a6S9YMKejqyESRU9hPtvzLUMWg&scope=email+profile+https%3A%2F%2Fwww.googleapis.com%2Fauth%2Fuserinfo.profile+https%3A%2F%2Fwww.googleapis.com%2Fauth%2Fuserinfo.email+openid&authuser=1&hd=savaslabs.com&prompt=consent HTTP/1.1" 307 Temporary Redirect
INFO:     2601:645:8a84:56a0:b1bc:7b4e:134f:f10a:0 - "GET / HTTP/1.1" 200 OK
INFO:     2601:645:8a84:56a0:b1bc:7b4e:134f:f10a:0 - "GET / HTTP/1.1" 200 OK
INFO:     2601:645:8a84:56a0:b1bc:7b4e:134f:f10a:0 - "GET / HTTP/1.1" 200 OK
INFO:     2601:645:8a84:56a0:b1bc:7b4e:134f:f10a:0 - "GET / HTTP/1.1" 200 OK
INFO:     2601:645:8a84:56a0:b1bc:7b4e:134f:f10a:0 - "GET / HTTP/1.1" 200 OK
INFO:     2601:645:8a84:56a0:b1bc:7b4e:134f:f10a:0 - "GET / HTTP/1.1" 200 OK
INFO:     2601:645:8a84:56a0:b1bc:7b4e:134f:f10a:0 - "GET / HTTP/1.1" 200 OK
INFO:     2601:645:8a84:56a0:b1bc:7b4e:134f:f10a:0 - "GET / HTTP/1.1" 200 OK
INFO:     2601:645:8a84:56a0:b1bc:7b4e:134f:f10a:0 - "GET / HTTP/1.1" 200 OK
INFO:     2601:645:8a84:56a0:b1bc:7b4e:134f:f10a:0 - "GET / HTTP/1.1" 200 OK
INFO:     2601:645:8a84:56a0:b1bc:7b4e:134f:f10a:0 - "GET / HTTP/1.1" 200 OK
INFO:     2601:645:8a84:56a0:b1bc:7b4e:134f:f10a:0 - "GET / HTTP/1.1" 200 OK
INFO:     2601:645:8a84:56a0:b1bc:7b4e:134f:f10a:0 - "GET / HTTP/1.1" 200 OK
INFO:     2601:645:8a84:56a0:b1bc:7b4e:134f:f10a:0 - "GET / HTTP/1.1" 200 OK
INFO:     2601:645:8a84:56a0:b1bc:7b4e:134f:f10a:0 - "GET / HTTP/1.1" 200 OK
INFO:     2601:645:8a84:56a0:b1bc:7b4e:134f:f10a:0 - "GET / HTTP/1.1" 200 OK
INFO:     2601:645:8a84:56a0:b1bc:7b4e:134f:f10a:0 - "GET / HTTP/1.1" 200 OK
INFO:     2601:645:8a84:56a0:b1bc:7b4e:134f:f10a:0 - "GET / HTTP/1.1" 200 OK
INFO:     2601:645:8a84:56a0:b1bc:7b4e:134f:f10a:0 - "GET / HTTP/1.1" 200 OK
INFO:     2601:645:8a84:56a0:b1bc:7b4e:134f:f10a:0 - "GET / HTTP/1.1" 200 OK
INFO:     2601:645:8a84:56a0:b1bc:7b4e:134f:f10a:0 - "GET / HTTP/1.1" 200 OK
INFO:     2601:645:8a84:56a0:b1bc:7b4e:134f:f10a:0 - "GET / HTTP/1.1" 200 OK
INFO:     2601:645:8a84:56a0:b1bc:7b4e:134f:f10a:0 - "GET / HTTP/1.1" 200 OK
INFO:     2601:645:8a84:56a0:b1bc:7b4e:134f:f10a:0 - "GET / HTTP/1.1" 200 OK
INFO:     2601:645:8a84:56a0:b1bc:7b4e:134f:f10a:0 - "GET / HTTP/1.1" 200 OK
INFO:     2601:645:8a84:56a0:b1bc:7b4e:134f:f10a:0 - "GET / HTTP/1.1" 200 OK
INFO:     2601:645:8a84:56a0:b1bc:7b4e:134f:f10a:0 - "GET / HTTP/1.1" 200 OK
INFO:     2601:645:8a84:56a0:b1bc:7b4e:134f:f10a:0 - "GET / HTTP/1.1" 200 OK
INFO:     2601:645:8a84:56a0:b1bc:7b4e:134f:f10a:0 - "GET / HTTP/1.1" 200 OK
INFO:     2601:645:8a84:56a0:b1bc:7b4e:134f:f10a:0 - "GET / HTTP/1.1" 200 OK
INFO:     2601:645:8a84:56a0:b1bc:7b4e:134f:f10a:0 - "GET / HTTP/1.1" 200 OK
INFO:     2601:645:8a84:56a0:b1bc:7b4e:134f:f10a:0 - "GET / HTTP/1.1" 200 OK
INFO:     2601:645:8a84:56a0:b1bc:7b4e:134f:f10a:0 - "GET / HTTP/1.1" 200 OK
INFO:     2601:645:8a84:56a0:b1bc:7b4e:134f:f10a:0 - "GET / HTTP/1.1" 200 OK
INFO:     2601:645:8a84:56a0:b1bc:7b4e:134f:f10a:0 - "GET / HTTP/1.1" 200 OK
INFO:     2601:645:8a84:56a0:b1bc:7b4e:134f:f10a:0 - "GET / HTTP/1.1" 200 OK
INFO:     2601:645:8a84:56a0:b1bc:7b4e:134f:f10a:0 - "GET / HTTP/1.1" 200 OK
INFO:     2601:645:8a84:56a0:b1bc:7b4e:134f:f10a:0 - "GET / HTTP/1.1" 200 OK
INFO:     2601:645:8a84:56a0:b1bc:7b4e:134f:f10a:0 - "GET / HTTP/1.1" 200 OK
INFO:     2601:645:8a84:56a0:b1bc:7b4e:134f:f10a:0 - "GET / HTTP/1.1" 200 OK
INFO:     2601:645:8a84:56a0:b1bc:7b4e:134f:f10a:0 - "GET / HTTP/1.1" 200 OK
INFO:     2601:645:8a84:56a0:b1bc:7b4e:134f:f10a:0 - "GET / HTTP/1.1" 200 OK
INFO:     2601:645:8a84:56a0:b1bc:7b4e:134f:f10a:0 - "GET / HTTP/1.1" 200 OK
INFO:     2601:645:8a84:56a0:b1bc:7b4e:134f:f10a:0 - "GET / HTTP/1.1" 200 OK
INFO:     2601:645:8a84:56a0:b1bc:7b4e:134f:f10a:0 - "GET / HTTP/1.1" 200 OK
INFO:     2601:645:8a84:56a0:b1bc:7b4e:134f:f10a:0 - "GET / HTTP/1.1" 200 OK
INFO:     2601:645:8a84:56a0:b1bc:7b4e:134f:f10a:0 - "GET / HTTP/1.1" 200 OK
INFO:     Shutting down
INFO:     Waiting for application shutdown.
INFO:     Application shutdown complete.
INFO:     Finished server process [256020]
INFO:     Started server process [256845]
INFO:     Waiting for application startup.
INFO:     Application startup complete.
INFO:     Uvicorn running on http://0.0.0.0:8003 (Press CTRL+C to quit)
INFO:     2601:645:8a84:56a0:b1bc:7b4e:134f:f10a:0 - "GET / HTTP/1.1" 200 OK
INFO:     43.157.170.13:0 - "GET / HTTP/1.1" 302 Found
INFO:     2601:645:8a84:56a0:b1bc:7b4e:134f:f10a:0 - "GET / HTTP/1.1" 200 OK
INFO:     43.157.170.13:0 - "GET /auth/login HTTP/1.1" 302 Found
INFO:     2601:645:8a84:56a0:b1bc:7b4e:134f:f10a:0 - "GET / HTTP/1.1" 200 OK
INFO:     2601:645:8a84:56a0:b1bc:7b4e:134f:f10a:0 - "GET / HTTP/1.1" 200 OK
INFO:     2601:645:8a84:56a0:b1bc:7b4e:134f:f10a:0 - "GET / HTTP/1.1" 200 OK
INFO:     2601:645:8a84:56a0:b1bc:7b4e:134f:f10a:0 - "GET / HTTP/1.1" 200 OK
INFO:     2601:645:8a84:56a0:b1bc:7b4e:134f:f10a:0 - "GET / HTTP/1.1" 200 OK
INFO:     2601:645:8a84:56a0:b1bc:7b4e:134f:f10a:0 - "GET / HTTP/1.1" 200 OK
INFO:     2601:645:8a84:56a0:b1bc:7b4e:134f:f10a:0 - "GET / HTTP/1.1" 200 OK
INFO:     2601:645:8a84:56a0:b1bc:7b4e:134f:f10a:0 - "GET / HTTP/1.1" 200 OK
INFO:     2601:645:8a84:56a0:b1bc:7b4e:134f:f10a:0 - "GET / HTTP/1.1" 200 OK
INFO:     2601:645:8a84:56a0:b1bc:7b4e:134f:f10a:0 - "GET /api/scan/9ee34b91/report HTTP/1.1" 200 OK
INFO:     2601:645:8a84:56a0:b1bc:7b4e:134f:f10a:0 - "GET / HTTP/1.1" 302 Found
INFO:     2601:645:8a84:56a0:b1bc:7b4e:134f:f10a:0 - "GET /auth/login HTTP/1.1" 302 Found
INFO:     2601:645:8a84:56a0:b1bc:7b4e:134f:f10a:0 - "GET /auth/callback?state=ukHfnwikvJTTkabjbNQftMHI9PUDUM&code=4%2F0ATX87lM5bRdpRJ0osOr_cTN3cBIWeF-GMj4HdCMrJ2KinVhS--YaSPRUWwwb-yarI8xGNw&scope=email+profile+https%3A%2F%2Fwww.googleapis.com%2Fauth%2Fuserinfo.email+openid+https%3A%2F%2Fwww.googleapis.com%2Fauth%2Fuserinfo.profile&authuser=0&hd=savaslabs.com&prompt=none HTTP/1.1" 307 Temporary Redirect
INFO:     2601:645:8a84:56a0:b1bc:7b4e:134f:f10a:0 - "GET / HTTP/1.1" 200 OK
INFO:     2601:645:8a84:56a0:b1bc:7b4e:134f:f10a:0 - "GET / HTTP/1.1" 200 OK
INFO:     2601:645:8a84:56a0:b1bc:7b4e:134f:f10a:0 - "GET / HTTP/1.1" 200 OK
INFO:     2601:645:8a84:56a0:b1bc:7b4e:134f:f10a:0 - "GET /api/scan/f0a9c96b/report HTTP/1.1" 200 OK
INFO:     2601:645:8a84:56a0:b1bc:7b4e:134f:f10a:0 - "GET /api/scan/f0a9c96b/report HTTP/1.1" 200 OK
INFO:     Shutting down
INFO:     Waiting for application shutdown.
INFO:     Application shutdown complete.
INFO:     Finished server process [256845]
INFO:     Started server process [259657]
INFO:     Waiting for application startup.
INFO:     Application startup complete.
INFO:     Uvicorn running on http://0.0.0.0:8003 (Press CTRL+C to quit)
INFO:     2601:645:8a84:56a0:b1bc:7b4e:134f:f10a:0 - "GET /api/scan/f0a9c96b/report HTTP/1.1" 200 OK
INFO:     2601:645:8a84:56a0:b1bc:7b4e:134f:f10a:0 - "GET / HTTP/1.1" 200 OK
INFO:     2601:645:8a84:56a0:b1bc:7b4e:134f:f10a:0 - "GET /api/scan/3229a252/report HTTP/1.1" 200 OK
INFO:     2601:645:8a84:56a0:b1bc:7b4e:134f:f10a:0 - "GET / HTTP/1.1" 200 OK
INFO:     2601:645:8a84:56a0:b1bc:7b4e:134f:f10a:0 - "GET / HTTP/1.1" 200 OK
INFO:     2601:645:8a84:56a0:b1bc:7b4e:134f:f10a:0 - "GET / HTTP/1.1" 200 OK
INFO:     2601:645:8a84:56a0:b1bc:7b4e:134f:f10a:0 - "GET / HTTP/1.1" 200 OK
INFO:     2601:645:8a84:56a0:b1bc:7b4e:134f:f10a:0 - "GET / HTTP/1.1" 200 OK
INFO:     2601:645:8a84:56a0:b1bc:7b4e:134f:f10a:0 - "GET /api/scan/bad93c1c/report HTTP/1.1" 200 OK
INFO:     2601:645:8a84:56a0:b1bc:7b4e:134f:f10a:0 - "GET / HTTP/1.1" 200 OK
INFO:     2601:645:8a84:56a0:b1bc:7b4e:134f:f10a:0 - "GET / HTTP/1.1" 200 OK
INFO:     2601:645:8a84:56a0:b1bc:7b4e:134f:f10a:0 - "GET /api/scan/f0a9c96b/report HTTP/1.1" 200 OK
INFO:     Shutting down
INFO:     Waiting for application shutdown.
INFO:     Application shutdown complete.
INFO:     Finished server process [259657]
INFO:     Started server process [260963]
INFO:     Waiting for application startup.
INFO:     Application startup complete.
INFO:     Uvicorn running on http://0.0.0.0:8003 (Press CTRL+C to quit)
INFO:     2601:645:8a84:56a0:b1bc:7b4e:134f:f10a:0 - "GET /api/scan/f0a9c96b/report HTTP/1.1" 200 OK
INFO:     2601:645:8a84:56a0:b1bc:7b4e:134f:f10a:0 - "GET /api/scan/f0a9c96b/report HTTP/1.1" 200 OK
INFO:     Shutting down
INFO:     Waiting for application shutdown.
INFO:     Application shutdown complete.
INFO:     Finished server process [260963]
INFO:     Started server process [263407]
INFO:     Waiting for application startup.
INFO:     Application startup complete.
INFO:     Uvicorn running on http://0.0.0.0:8003 (Press CTRL+C to quit)
INFO:     2601:645:8a84:56a0:b1bc:7b4e:134f:f10a:0 - "GET /api/scan/f0a9c96b/report HTTP/1.1" 200 OK
INFO:     Shutting down
INFO:     Waiting for application shutdown.
INFO:     Application shutdown complete.
INFO:     Finished server process [263407]
INFO:     Started server process [263568]
INFO:     Waiting for application startup.
INFO:     Application startup complete.
INFO:     Uvicorn running on http://0.0.0.0:8003 (Press CTRL+C to quit)
INFO:     2601:645:8a84:56a0:b1bc:7b4e:134f:f10a:0 - "GET /api/scan/ba0e26d1/report HTTP/1.1" 200 OK
INFO:     2601:645:8a84:56a0:b1bc:7b4e:134f:f10a:0 - "GET / HTTP/1.1" 200 OK
INFO:     2601:645:8a84:56a0:b1bc:7b4e:134f:f10a:0 - "GET / HTTP/1.1" 200 OK
INFO:     2601:645:8a84:56a0:b1bc:7b4e:134f:f10a:0 - "GET /api/scan/ba0e26d1/report HTTP/1.1" 200 OK
INFO:     2601:645:8a84:56a0:b1bc:7b4e:134f:f10a:0 - "GET / HTTP/1.1" 200 OK
INFO:     2601:645:8a84:56a0:b1bc:7b4e:134f:f10a:0 - "GET / HTTP/1.1" 200 OK
INFO:     2601:645:8a84:56a0:b1bc:7b4e:134f:f10a:0 - "GET / HTTP/1.1" 200 OK
INFO:     2601:645:8a84:56a0:b1bc:7b4e:134f:f10a:0 - "GET / HTTP/1.1" 200 OK
INFO:     2601:645:8a84:56a0:b1bc:7b4e:134f:f10a:0 - "GET / HTTP/1.1" 200 OK
INFO:     2601:645:8a84:56a0:b1bc:7b4e:134f:f10a:0 - "GET / HTTP/1.1" 200 OK
INFO:     2601:645:8a84:56a0:b1bc:7b4e:134f:f10a:0 - "GET / HTTP/1.1" 200 OK
INFO:     2601:645:8a84:56a0:b1bc:7b4e:134f:f10a:0 - "GET / HTTP/1.1" 200 OK
INFO:     2601:645:8a84:56a0:b1bc:7b4e:134f:f10a:0 - "GET / HTTP/1.1" 200 OK
INFO:     2601:645:8a84:56a0:b1bc:7b4e:134f:f10a:0 - "GET / HTTP/1.1" 200 OK
INFO:     2601:645:8a84:56a0:b1bc:7b4e:134f:f10a:0 - "GET / HTTP/1.1" 200 OK
INFO:     2601:645:8a84:56a0:b1bc:7b4e:134f:f10a:0 - "GET / HTTP/1.1" 200 OK
INFO:     Shutting down
INFO:     Waiting for application shutdown.
INFO:     Application shutdown complete.
INFO:     Finished server process [263568]
INFO:     Started server process [264051]
INFO:     Waiting for application startup.
INFO:     Application startup complete.
INFO:     Uvicorn running on http://0.0.0.0:8003 (Press CTRL+C to quit)
INFO:     2601:645:8a84:56a0:b1bc:7b4e:134f:f10a:0 - "GET / HTTP/1.1" 200 OK
INFO:     2601:645:8a84:56a0:b1bc:7b4e:134f:f10a:0 - "GET / HTTP/1.1" 200 OK
INFO:     2601:645:8a84:56a0:b1bc:7b4e:134f:f10a:0 - "GET / HTTP/1.1" 200 OK
INFO:     2601:645:8a84:56a0:b1bc:7b4e:134f:f10a:0 - "GET / HTTP/1.1" 200 OK
INFO:     2601:645:8a84:56a0:b1bc:7b4e:134f:f10a:0 - "GET / HTTP/1.1" 200 OK
INFO:     2601:645:8a84:56a0:b1bc:7b4e:134f:f10a:0 - "GET / HTTP/1.1" 200 OK
INFO:     2601:645:8a84:56a0:b1bc:7b4e:134f:f10a:0 - "GET / HTTP/1.1" 200 OK
INFO:     2601:645:8a84:56a0:b1bc:7b4e:134f:f10a:0 - "GET / HTTP/1.1" 200 OK
INFO:     2601:645:8a84:56a0:b1bc:7b4e:134f:f10a:0 - "GET / HTTP/1.1" 200 OK
INFO:     2601:645:8a84:56a0:b1bc:7b4e:134f:f10a:0 - "GET / HTTP/1.1" 200 OK
INFO:     2601:645:8a84:56a0:b1bc:7b4e:134f:f10a:0 - "GET / HTTP/1.1" 200 OK
INFO:     2601:645:8a84:56a0:b1bc:7b4e:134f:f10a:0 - "GET / HTTP/1.1" 200 OK
INFO:     2601:645:8a84:56a0:b1bc:7b4e:134f:f10a:0 - "GET / HTTP/1.1" 200 OK
INFO:     2601:645:8a84:56a0:b1bc:7b4e:134f:f10a:0 - "GET / HTTP/1.1" 200 OK
INFO:     2601:645:8a84:56a0:b1bc:7b4e:134f:f10a:0 - "GET / HTTP/1.1" 200 OK
INFO:     2601:645:8a84:56a0:b1bc:7b4e:134f:f10a:0 - "GET / HTTP/1.1" 200 OK
INFO:     2601:645:8a84:56a0:b1bc:7b4e:134f:f10a:0 - "GET / HTTP/1.1" 200 OK
INFO:     2601:645:8a84:56a0:b1bc:7b4e:134f:f10a:0 - "GET / HTTP/1.1" 200 OK
INFO:     2601:645:8a84:56a0:b1bc:7b4e:134f:f10a:0 - "GET / HTTP/1.1" 200 OK
INFO:     2601:645:8a84:56a0:b1bc:7b4e:134f:f10a:0 - "GET / HTTP/1.1" 200 OK
INFO:     2601:645:8a84:56a0:b1bc:7b4e:134f:f10a:0 - "GET / HTTP/1.1" 200 OK
INFO:     2601:645:8a84:56a0:b1bc:7b4e:134f:f10a:0 - "GET / HTTP/1.1" 200 OK
INFO:     2601:645:8a84:56a0:b1bc:7b4e:134f:f10a:0 - "GET / HTTP/1.1" 200 OK
INFO:     2601:645:8a84:56a0:b1bc:7b4e:134f:f10a:0 - "GET / HTTP/1.1" 200 OK
INFO:     2601:645:8a84:56a0:b1bc:7b4e:134f:f10a:0 - "GET / HTTP/1.1" 200 OK
INFO:     2601:645:8a84:56a0:b1bc:7b4e:134f:f10a:0 - "GET / HTTP/1.1" 200 OK
INFO:     2601:645:8a84:56a0:b1bc:7b4e:134f:f10a:0 - "GET / HTTP/1.1" 200 OK
INFO:     2601:645:8a84:56a0:b1bc:7b4e:134f:f10a:0 - "GET / HTTP/1.1" 200 OK
INFO:     2601:645:8a84:56a0:b1bc:7b4e:134f:f10a:0 - "GET / HTTP/1.1" 200 OK
INFO:     2601:645:8a84:56a0:b1bc:7b4e:134f:f10a:0 - "GET / HTTP/1.1" 200 OK
INFO:     2601:645:8a84:56a0:b1bc:7b4e:134f:f10a:0 - "GET / HTTP/1.1" 200 OK
INFO:     2601:645:8a84:56a0:b1bc:7b4e:134f:f10a:0 - "GET / HTTP/1.1" 200 OK
INFO:     2601:645:8a84:56a0:b1bc:7b4e:134f:f10a:0 - "GET / HTTP/1.1" 200 OK
INFO:     2601:645:8a84:56a0:b1bc:7b4e:134f:f10a:0 - "GET / HTTP/1.1" 200 OK
INFO:     2601:645:8a84:56a0:b1bc:7b4e:134f:f10a:0 - "GET / HTTP/1.1" 200 OK
INFO:     2601:645:8a84:56a0:b1bc:7b4e:134f:f10a:0 - "GET / HTTP/1.1" 200 OK
INFO:     2601:645:8a84:56a0:b1bc:7b4e:134f:f10a:0 - "GET / HTTP/1.1" 200 OK
INFO:     2601:645:8a84:56a0:b1bc:7b4e:134f:f10a:0 - "GET / HTTP/1.1" 200 OK
INFO:     2601:645:8a84:56a0:b1bc:7b4e:134f:f10a:0 - "GET / HTTP/1.1" 200 OK
INFO:     2601:645:8a84:56a0:b1bc:7b4e:134f:f10a:0 - "GET / HTTP/1.1" 200 OK
INFO:     2601:645:8a84:56a0:b1bc:7b4e:134f:f10a:0 - "GET / HTTP/1.1" 200 OK
INFO:     2601:645:8a84:56a0:b1bc:7b4e:134f:f10a:0 - "GET / HTTP/1.1" 200 OK
INFO:     2601:645:8a84:56a0:b1bc:7b4e:134f:f10a:0 - "GET / HTTP/1.1" 200 OK
INFO:     2601:645:8a84:56a0:b1bc:7b4e:134f:f10a:0 - "GET / HTTP/1.1" 200 OK
INFO:     2601:645:8a84:56a0:b1bc:7b4e:134f:f10a:0 - "GET / HTTP/1.1" 200 OK
INFO:     2601:645:8a84:56a0:b1bc:7b4e:134f:f10a:0 - "GET / HTTP/1.1" 200 OK
INFO:     2601:645:8a84:56a0:b1bc:7b4e:134f:f10a:0 - "GET / HTTP/1.1" 200 OK
INFO:     2601:645:8a84:56a0:b1bc:7b4e:134f:f10a:0 - "GET / HTTP/1.1" 200 OK
INFO:     2601:645:8a84:56a0:b1bc:7b4e:134f:f10a:0 - "GET / HTTP/1.1" 200 OK
INFO:     2601:645:8a84:56a0:b1bc:7b4e:134f:f10a:0 - "GET / HTTP/1.1" 200 OK
INFO:     2601:645:8a84:56a0:b1bc:7b4e:134f:f10a:0 - "GET / HTTP/1.1" 200 OK
INFO:     2601:645:8a84:56a0:b1bc:7b4e:134f:f10a:0 - "GET / HTTP/1.1" 200 OK
INFO:     2601:645:8a84:56a0:b1bc:7b4e:134f:f10a:0 - "GET / HTTP/1.1" 200 OK
INFO:     2601:645:8a84:56a0:b1bc:7b4e:134f:f10a:0 - "GET / HTTP/1.1" 200 OK
INFO:     2601:645:8a84:56a0:b1bc:7b4e:134f:f10a:0 - "GET / HTTP/1.1" 200 OK
INFO:     2601:645:8a84:56a0:b1bc:7b4e:134f:f10a:0 - "GET / HTTP/1.1" 200 OK
INFO:     2601:645:8a84:56a0:b1bc:7b4e:134f:f10a:0 - "GET / HTTP/1.1" 200 OK
INFO:     2601:645:8a84:56a0:b1bc:7b4e:134f:f10a:0 - "GET / HTTP/1.1" 200 OK
INFO:     2601:645:8a84:56a0:b1bc:7b4e:134f:f10a:0 - "GET / HTTP/1.1" 200 OK
INFO:     2601:645:8a84:56a0:b1bc:7b4e:134f:f10a:0 - "GET / HTTP/1.1" 200 OK
INFO:     2601:645:8a84:56a0:b1bc:7b4e:134f:f10a:0 - "GET / HTTP/1.1" 200 OK
INFO:     2601:645:8a84:56a0:b1bc:7b4e:134f:f10a:0 - "GET / HTTP/1.1" 200 OK
INFO:     2601:645:8a84:56a0:b1bc:7b4e:134f:f10a:0 - "GET / HTTP/1.1" 200 OK
INFO:     2601:645:8a84:56a0:b1bc:7b4e:134f:f10a:0 - "GET / HTTP/1.1" 200 OK
INFO:     2601:645:8a84:56a0:b1bc:7b4e:134f:f10a:0 - "GET / HTTP/1.1" 200 OK
INFO:     2601:645:8a84:56a0:b1bc:7b4e:134f:f10a:0 - "GET / HTTP/1.1" 200 OK
INFO:     2601:645:8a84:56a0:b1bc:7b4e:134f:f10a:0 - "GET / HTTP/1.1" 200 OK
INFO:     2601:645:8a84:56a0:b1bc:7b4e:134f:f10a:0 - "GET / HTTP/1.1" 200 OK
INFO:     2601:645:8a84:56a0:b1bc:7b4e:134f:f10a:0 - "GET / HTTP/1.1" 200 OK
INFO:     2601:645:8a84:56a0:b1bc:7b4e:134f:f10a:0 - "GET / HTTP/1.1" 200 OK
INFO:     2601:645:8a84:56a0:b1bc:7b4e:134f:f10a:0 - "GET / HTTP/1.1" 200 OK
INFO:     2601:645:8a84:56a0:b1bc:7b4e:134f:f10a:0 - "GET / HTTP/1.1" 200 OK
INFO:     2601:645:8a84:56a0:b1bc:7b4e:134f:f10a:0 - "GET / HTTP/1.1" 200 OK
INFO:     2601:645:8a84:56a0:b1bc:7b4e:134f:f10a:0 - "GET / HTTP/1.1" 200 OK
INFO:     2601:645:8a84:56a0:b1bc:7b4e:134f:f10a:0 - "GET / HTTP/1.1" 200 OK
INFO:     2601:645:8a84:56a0:b1bc:7b4e:134f:f10a:0 - "GET / HTTP/1.1" 200 OK
INFO:     2601:645:8a84:56a0:b1bc:7b4e:134f:f10a:0 - "GET / HTTP/1.1" 200 OK
INFO:     2601:645:8a84:56a0:b1bc:7b4e:134f:f10a:0 - "GET / HTTP/1.1" 200 OK
INFO:     2601:645:8a84:56a0:b1bc:7b4e:134f:f10a:0 - "GET / HTTP/1.1" 200 OK
INFO:     2601:645:8a84:56a0:b1bc:7b4e:134f:f10a:0 - "GET / HTTP/1.1" 200 OK
INFO:     2601:645:8a84:56a0:b1bc:7b4e:134f:f10a:0 - "GET / HTTP/1.1" 200 OK
INFO:     2601:645:8a84:56a0:b1bc:7b4e:134f:f10a:0 - "GET / HTTP/1.1" 200 OK
INFO:     2601:645:8a84:56a0:b1bc:7b4e:134f:f10a:0 - "GET / HTTP/1.1" 200 OK
INFO:     2601:645:8a84:56a0:b1bc:7b4e:134f:f10a:0 - "GET / HTTP/1.1" 200 OK
INFO:     2601:645:8a84:56a0:b1bc:7b4e:134f:f10a:0 - "GET / HTTP/1.1" 200 OK
INFO:     2601:645:8a84:56a0:b1bc:7b4e:134f:f10a:0 - "GET / HTTP/1.1" 200 OK
INFO:     2601:645:8a84:56a0:b1bc:7b4e:134f:f10a:0 - "GET / HTTP/1.1" 200 OK
INFO:     2601:645:8a84:56a0:b1bc:7b4e:134f:f10a:0 - "GET / HTTP/1.1" 200 OK
INFO:     2601:645:8a84:56a0:b1bc:7b4e:134f:f10a:0 - "GET / HTTP/1.1" 200 OK
INFO:     2601:645:8a84:56a0:b1bc:7b4e:134f:f10a:0 - "GET / HTTP/1.1" 200 OK
INFO:     2601:645:8a84:56a0:b1bc:7b4e:134f:f10a:0 - "GET / HTTP/1.1" 200 OK
INFO:     2601:645:8a84:56a0:b1bc:7b4e:134f:f10a:0 - "GET / HTTP/1.1" 200 OK
INFO:     2601:645:8a84:56a0:b1bc:7b4e:134f:f10a:0 - "GET / HTTP/1.1" 200 OK
INFO:     2601:645:8a84:56a0:b1bc:7b4e:134f:f10a:0 - "GET / HTTP/1.1" 200 OK
INFO:     2601:645:8a84:56a0:b1bc:7b4e:134f:f10a:0 - "GET / HTTP/1.1" 200 OK
INFO:     2601:645:8a84:56a0:b1bc:7b4e:134f:f10a:0 - "GET / HTTP/1.1" 200 OK
INFO:     2601:645:8a84:56a0:b1bc:7b4e:134f:f10a:0 - "GET / HTTP/1.1" 200 OK
INFO:     2601:645:8a84:56a0:b1bc:7b4e:134f:f10a:0 - "GET / HTTP/1.1" 200 OK
INFO:     2601:645:8a84:56a0:b1bc:7b4e:134f:f10a:0 - "GET / HTTP/1.1" 200 OK
INFO:     2601:645:8a84:56a0:b1bc:7b4e:134f:f10a:0 - "GET / HTTP/1.1" 200 OK
INFO:     2601:645:8a84:56a0:b1bc:7b4e:134f:f10a:0 - "GET / HTTP/1.1" 200 OK
INFO:     2601:645:8a84:56a0:b1bc:7b4e:134f:f10a:0 - "GET / HTTP/1.1" 200 OK
INFO:     2601:645:8a84:56a0:b1bc:7b4e:134f:f10a:0 - "GET / HTTP/1.1" 200 OK
INFO:     2601:645:8a84:56a0:b1bc:7b4e:134f:f10a:0 - "GET / HTTP/1.1" 200 OK
INFO:     2601:645:8a84:56a0:b1bc:7b4e:134f:f10a:0 - "GET / HTTP/1.1" 200 OK
INFO:     2601:645:8a84:56a0:b1bc:7b4e:134f:f10a:0 - "GET / HTTP/1.1" 200 OK
INFO:     2601:645:8a84:56a0:b1bc:7b4e:134f:f10a:0 - "GET / HTTP/1.1" 200 OK
INFO:     2601:645:8a84:56a0:b1bc:7b4e:134f:f10a:0 - "GET / HTTP/1.1" 200 OK
INFO:     2601:645:8a84:56a0:b1bc:7b4e:134f:f10a:0 - "GET / HTTP/1.1" 200 OK
INFO:     2601:645:8a84:56a0:b1bc:7b4e:134f:f10a:0 - "GET / HTTP/1.1" 200 OK
INFO:     2601:645:8a84:56a0:b1bc:7b4e:134f:f10a:0 - "GET / HTTP/1.1" 200 OK
INFO:     2601:645:8a84:56a0:b1bc:7b4e:134f:f10a:0 - "GET / HTTP/1.1" 200 OK
INFO:     2601:645:8a84:56a0:b1bc:7b4e:134f:f10a:0 - "GET / HTTP/1.1" 200 OK
INFO:     2601:645:8a84:56a0:b1bc:7b4e:134f:f10a:0 - "GET / HTTP/1.1" 200 OK
INFO:     2601:645:8a84:56a0:b1bc:7b4e:134f:f10a:0 - "GET / HTTP/1.1" 200 OK
INFO:     2601:645:8a84:56a0:b1bc:7b4e:134f:f10a:0 - "GET / HTTP/1.1" 200 OK
INFO:     2601:645:8a84:56a0:b1bc:7b4e:134f:f10a:0 - "GET / HTTP/1.1" 200 OK
INFO:     2601:645:8a84:56a0:b1bc:7b4e:134f:f10a:0 - "GET / HTTP/1.1" 200 OK
INFO:     2601:645:8a84:56a0:b1bc:7b4e:134f:f10a:0 - "GET / HTTP/1.1" 200 OK
INFO:     2601:645:8a84:56a0:b1bc:7b4e:134f:f10a:0 - "GET / HTTP/1.1" 200 OK
INFO:     2601:645:8a84:56a0:b1bc:7b4e:134f:f10a:0 - "GET / HTTP/1.1" 200 OK
INFO:     2601:645:8a84:56a0:b1bc:7b4e:134f:f10a:0 - "GET / HTTP/1.1" 200 OK
INFO:     2601:645:8a84:56a0:b1bc:7b4e:134f:f10a:0 - "GET / HTTP/1.1" 200 OK
INFO:     2601:645:8a84:56a0:b1bc:7b4e:134f:f10a:0 - "GET / HTTP/1.1" 200 OK
INFO:     2601:645:8a84:56a0:b1bc:7b4e:134f:f10a:0 - "GET / HTTP/1.1" 200 OK
INFO:     2601:645:8a84:56a0:b1bc:7b4e:134f:f10a:0 - "GET / HTTP/1.1" 200 OK
INFO:     2601:645:8a84:56a0:b1bc:7b4e:134f:f10a:0 - "GET / HTTP/1.1" 200 OK
INFO:     2601:645:8a84:56a0:b1bc:7b4e:134f:f10a:0 - "GET / HTTP/1.1" 200 OK
INFO:     2601:645:8a84:56a0:b1bc:7b4e:134f:f10a:0 - "GET / HTTP/1.1" 200 OK
INFO:     2601:645:8a84:56a0:b1bc:7b4e:134f:f10a:0 - "GET / HTTP/1.1" 200 OK
INFO:     2601:645:8a84:56a0:b1bc:7b4e:134f:f10a:0 - "GET / HTTP/1.1" 200 OK
INFO:     2601:645:8a84:56a0:b1bc:7b4e:134f:f10a:0 - "GET / HTTP/1.1" 200 OK
INFO:     2601:645:8a84:56a0:b1bc:7b4e:134f:f10a:0 - "GET / HTTP/1.1" 200 OK
INFO:     2601:645:8a84:56a0:b1bc:7b4e:134f:f10a:0 - "GET / HTTP/1.1" 200 OK
INFO:     2601:645:8a84:56a0:b1bc:7b4e:134f:f10a:0 - "GET / HTTP/1.1" 200 OK
INFO:     2601:645:8a84:56a0:b1bc:7b4e:134f:f10a:0 - "GET / HTTP/1.1" 200 OK
INFO:     2601:645:8a84:56a0:b1bc:7b4e:134f:f10a:0 - "GET / HTTP/1.1" 200 OK
INFO:     2601:645:8a84:56a0:b1bc:7b4e:134f:f10a:0 - "GET / HTTP/1.1" 200 OK
INFO:     2601:645:8a84:56a0:b1bc:7b4e:134f:f10a:0 - "GET / HTTP/1.1" 200 OK
INFO:     2601:645:8a84:56a0:b1bc:7b4e:134f:f10a:0 - "GET / HTTP/1.1" 200 OK
INFO:     2601:645:8a84:56a0:b1bc:7b4e:134f:f10a:0 - "GET / HTTP/1.1" 200 OK
INFO:     2601:645:8a84:56a0:b1bc:7b4e:134f:f10a:0 - "GET / HTTP/1.1" 200 OK
INFO:     2601:645:8a84:56a0:b1bc:7b4e:134f:f10a:0 - "GET / HTTP/1.1" 200 OK
INFO:     2601:645:8a84:56a0:b1bc:7b4e:134f:f10a:0 - "GET / HTTP/1.1" 200 OK
INFO:     2601:645:8a84:56a0:b1bc:7b4e:134f:f10a:0 - "GET / HTTP/1.1" 200 OK
INFO:     Started server process [940]
INFO:     Waiting for application startup.
INFO:     Application startup complete.
INFO:     Uvicorn running on http://0.0.0.0:8003 (Press CTRL+C to quit)
INFO:     2601:645:8a84:56a0:b1bc:7b4e:134f:f10a:0 - "GET / HTTP/1.1" 200 OK
INFO:     2601:645:8a84:56a0:b1bc:7b4e:134f:f10a:0 - "GET / HTTP/1.1" 200 OK
INFO:     2601:645:8a84:56a0:b1bc:7b4e:134f:f10a:0 - "GET / HTTP/1.1" 200 OK
INFO:     2601:645:8a84:56a0:b1bc:7b4e:134f:f10a:0 - "GET / HTTP/1.1" 200 OK
INFO:     2601:645:8a84:56a0:b1bc:7b4e:134f:f10a:0 - "GET / HTTP/1.1" 200 OK
INFO:     2601:645:8a84:56a0:b1bc:7b4e:134f:f10a:0 - "GET / HTTP/1.1" 200 OK
INFO:     2601:645:8a84:56a0:b1bc:7b4e:134f:f10a:0 - "GET / HTTP/1.1" 200 OK
INFO:     2601:645:8a84:56a0:b1bc:7b4e:134f:f10a:0 - "GET / HTTP/1.1" 200 OK
INFO:     2601:645:8a84:56a0:b1bc:7b4e:134f:f10a:0 - "GET / HTTP/1.1" 200 OK
INFO:     2601:645:8a84:56a0:b1bc:7b4e:134f:f10a:0 - "GET / HTTP/1.1" 200 OK
INFO:     2601:645:8a84:56a0:b1bc:7b4e:134f:f10a:0 - "GET / HTTP/1.1" 200 OK
INFO:     2601:645:8a84:56a0:b1bc:7b4e:134f:f10a:0 - "GET / HTTP/1.1" 200 OK
INFO:     2601:645:8a84:56a0:b1bc:7b4e:134f:f10a:0 - "GET / HTTP/1.1" 200 OK
INFO:     2601:645:8a84:56a0:b1bc:7b4e:134f:f10a:0 - "GET / HTTP/1.1" 200 OK
INFO:     2601:645:8a84:56a0:b1bc:7b4e:134f:f10a:0 - "GET / HTTP/1.1" 200 OK
INFO:     2601:645:8a84:56a0:b1bc:7b4e:134f:f10a:0 - "GET / HTTP/1.1" 200 OK
INFO:     2601:645:8a84:56a0:b1bc:7b4e:134f:f10a:0 - "GET / HTTP/1.1" 200 OK
INFO:     2601:645:8a84:56a0:b1bc:7b4e:134f:f10a:0 - "GET / HTTP/1.1" 200 OK
INFO:     2601:645:8a84:56a0:b1bc:7b4e:134f:f10a:0 - "GET / HTTP/1.1" 200 OK
INFO:     2601:645:8a84:56a0:b1bc:7b4e:134f:f10a:0 - "GET / HTTP/1.1" 200 OK
INFO:     2601:645:8a84:56a0:b1bc:7b4e:134f:f10a:0 - "GET / HTTP/1.1" 200 OK
INFO:     2601:645:8a84:56a0:b1bc:7b4e:134f:f10a:0 - "GET / HTTP/1.1" 200 OK
INFO:     2601:645:8a84:56a0:b1bc:7b4e:134f:f10a:0 - "GET / HTTP/1.1" 200 OK
INFO:     2601:645:8a84:56a0:b1bc:7b4e:134f:f10a:0 - "GET / HTTP/1.1" 200 OK
INFO:     2601:645:8a84:56a0:b1bc:7b4e:134f:f10a:0 - "GET / HTTP/1.1" 200 OK
INFO:     2601:645:8a84:56a0:b1bc:7b4e:134f:f10a:0 - "GET / HTTP/1.1" 200 OK
INFO:     2601:645:8a84:56a0:b1bc:7b4e:134f:f10a:0 - "GET / HTTP/1.1" 200 OK
INFO:     2601:645:8a84:56a0:b1bc:7b4e:134f:f10a:0 - "GET / HTTP/1.1" 200 OK
INFO:     2601:645:8a84:56a0:b1bc:7b4e:134f:f10a:0 - "GET / HTTP/1.1" 200 OK
INFO:     2601:645:8a84:56a0:b1bc:7b4e:134f:f10a:0 - "GET / HTTP/1.1" 200 OK
INFO:     2601:645:8a84:56a0:b1bc:7b4e:134f:f10a:0 - "GET / HTTP/1.1" 200 OK
INFO:     2601:645:8a84:56a0:b1bc:7b4e:134f:f10a:0 - "GET / HTTP/1.1" 200 OK
INFO:     2601:645:8a84:56a0:b1bc:7b4e:134f:f10a:0 - "GET / HTTP/1.1" 200 OK
INFO:     2601:645:8a84:56a0:b1bc:7b4e:134f:f10a:0 - "GET / HTTP/1.1" 200 OK
INFO:     2601:645:8a84:56a0:b1bc:7b4e:134f:f10a:0 - "GET / HTTP/1.1" 200 OK
INFO:     2601:645:8a84:56a0:b1bc:7b4e:134f:f10a:0 - "GET / HTTP/1.1" 200 OK
INFO:     2601:645:8a84:56a0:b1bc:7b4e:134f:f10a:0 - "GET / HTTP/1.1" 200 OK
INFO:     2601:645:8a84:56a0:b1bc:7b4e:134f:f10a:0 - "GET / HTTP/1.1" 200 OK
INFO:     2601:645:8a84:56a0:b1bc:7b4e:134f:f10a:0 - "GET / HTTP/1.1" 200 OK
INFO:     2601:645:8a84:56a0:b1bc:7b4e:134f:f10a:0 - "GET / HTTP/1.1" 200 OK
INFO:     2601:645:8a84:56a0:b1bc:7b4e:134f:f10a:0 - "GET / HTTP/1.1" 200 OK
INFO:     2601:645:8a84:56a0:b1bc:7b4e:134f:f10a:0 - "GET / HTTP/1.1" 200 OK
INFO:     2601:645:8a84:56a0:b1bc:7b4e:134f:f10a:0 - "GET / HTTP/1.1" 200 OK
INFO:     2601:645:8a84:56a0:b1bc:7b4e:134f:f10a:0 - "GET / HTTP/1.1" 200 OK
INFO:     2601:645:8a84:56a0:b1bc:7b4e:134f:f10a:0 - "GET / HTTP/1.1" 200 OK
INFO:     2601:645:8a84:56a0:b1bc:7b4e:134f:f10a:0 - "GET / HTTP/1.1" 200 OK
INFO:     2601:645:8a84:56a0:b1bc:7b4e:134f:f10a:0 - "GET / HTTP/1.1" 200 OK
INFO:     2601:645:8a84:56a0:b1bc:7b4e:134f:f10a:0 - "GET / HTTP/1.1" 200 OK
INFO:     2601:645:8a84:56a0:b1bc:7b4e:134f:f10a:0 - "GET / HTTP/1.1" 200 OK
INFO:     2601:645:8a84:56a0:b1bc:7b4e:134f:f10a:0 - "GET / HTTP/1.1" 200 OK
INFO:     2601:645:8a84:56a0:b1bc:7b4e:134f:f10a:0 - "GET / HTTP/1.1" 200 OK
INFO:     2601:645:8a84:56a0:b1bc:7b4e:134f:f10a:0 - "GET / HTTP/1.1" 200 OK
INFO:     2601:645:8a84:56a0:b1bc:7b4e:134f:f10a:0 - "GET / HTTP/1.1" 200 OK
INFO:     2601:645:8a84:56a0:b1bc:7b4e:134f:f10a:0 - "GET / HTTP/1.1" 200 OK
INFO:     2601:645:8a84:56a0:b1bc:7b4e:134f:f10a:0 - "GET / HTTP/1.1" 200 OK
INFO:     2601:645:8a84:56a0:b1bc:7b4e:134f:f10a:0 - "GET / HTTP/1.1" 200 OK
INFO:     2601:645:8a84:56a0:b1bc:7b4e:134f:f10a:0 - "GET / HTTP/1.1" 200 OK
INFO:     2601:645:8a84:56a0:b1bc:7b4e:134f:f10a:0 - "GET / HTTP/1.1" 200 OK
INFO:     2601:645:8a84:56a0:b1bc:7b4e:134f:f10a:0 - "GET / HTTP/1.1" 200 OK
INFO:     2601:645:8a84:56a0:b1bc:7b4e:134f:f10a:0 - "GET / HTTP/1.1" 200 OK
INFO:     2601:645:8a84:56a0:b1bc:7b4e:134f:f10a:0 - "GET / HTTP/1.1" 200 OK
INFO:     2601:645:8a84:56a0:b1bc:7b4e:134f:f10a:0 - "GET / HTTP/1.1" 200 OK
INFO:     2601:645:8a84:56a0:b1bc:7b4e:134f:f10a:0 - "GET / HTTP/1.1" 200 OK
INFO:     2601:645:8a84:56a0:b1bc:7b4e:134f:f10a:0 - "GET / HTTP/1.1" 200 OK
INFO:     2601:645:8a84:56a0:b1bc:7b4e:134f:f10a:0 - "GET / HTTP/1.1" 200 OK
INFO:     2601:645:8a84:56a0:b1bc:7b4e:134f:f10a:0 - "GET / HTTP/1.1" 200 OK
INFO:     2601:645:8a84:56a0:b1bc:7b4e:134f:f10a:0 - "GET / HTTP/1.1" 200 OK
INFO:     2601:645:8a84:56a0:b1bc:7b4e:134f:f10a:0 - "GET / HTTP/1.1" 200 OK
INFO:     2601:645:8a84:56a0:b1bc:7b4e:134f:f10a:0 - "GET / HTTP/1.1" 200 OK
INFO:     2601:645:8a84:56a0:b1bc:7b4e:134f:f10a:0 - "GET / HTTP/1.1" 200 OK
INFO:     2601:645:8a84:56a0:b1bc:7b4e:134f:f10a:0 - "GET / HTTP/1.1" 200 OK
INFO:     2601:645:8a84:56a0:b1bc:7b4e:134f:f10a:0 - "GET / HTTP/1.1" 200 OK
INFO:     2601:645:8a84:56a0:b1bc:7b4e:134f:f10a:0 - "GET / HTTP/1.1" 200 OK
INFO:     2601:645:8a84:56a0:b1bc:7b4e:134f:f10a:0 - "GET / HTTP/1.1" 200 OK
INFO:     2601:645:8a84:56a0:b1bc:7b4e:134f:f10a:0 - "GET / HTTP/1.1" 200 OK
INFO:     2601:645:8a84:56a0:b1bc:7b4e:134f:f10a:0 - "GET / HTTP/1.1" 200 OK
INFO:     2601:645:8a84:56a0:b1bc:7b4e:134f:f10a:0 - "GET / HTTP/1.1" 200 OK
INFO:     2601:645:8a84:56a0:b1bc:7b4e:134f:f10a:0 - "GET / HTTP/1.1" 200 OK
INFO:     2601:645:8a84:56a0:b1bc:7b4e:134f:f10a:0 - "GET / HTTP/1.1" 200 OK
INFO:     2601:645:8a84:56a0:b1bc:7b4e:134f:f10a:0 - "GET / HTTP/1.1" 200 OK
INFO:     2601:645:8a84:56a0:b1bc:7b4e:134f:f10a:0 - "GET / HTTP/1.1" 200 OK
INFO:     2601:645:8a84:56a0:b1bc:7b4e:134f:f10a:0 - "GET / HTTP/1.1" 200 OK
INFO:     2601:645:8a84:56a0:b1bc:7b4e:134f:f10a:0 - "GET / HTTP/1.1" 200 OK
INFO:     2601:645:8a84:56a0:b1bc:7b4e:134f:f10a:0 - "GET / HTTP/1.1" 200 OK
INFO:     2601:645:8a84:56a0:b1bc:7b4e:134f:f10a:0 - "GET / HTTP/1.1" 200 OK
INFO:     2601:645:8a84:56a0:b1bc:7b4e:134f:f10a:0 - "GET / HTTP/1.1" 200 OK
INFO:     2601:645:8a84:56a0:b1bc:7b4e:134f:f10a:0 - "GET / HTTP/1.1" 200 OK
INFO:     2601:645:8a84:56a0:b1bc:7b4e:134f:f10a:0 - "GET / HTTP/1.1" 200 OK
INFO:     2601:645:8a84:56a0:b1bc:7b4e:134f:f10a:0 - "GET / HTTP/1.1" 200 OK
INFO:     2601:645:8a84:56a0:b1bc:7b4e:134f:f10a:0 - "GET / HTTP/1.1" 200 OK
INFO:     2601:645:8a84:56a0:b1bc:7b4e:134f:f10a:0 - "GET / HTTP/1.1" 200 OK
INFO:     2601:645:8a84:56a0:b1bc:7b4e:134f:f10a:0 - "GET / HTTP/1.1" 200 OK
INFO:     2601:645:8a84:56a0:b1bc:7b4e:134f:f10a:0 - "GET / HTTP/1.1" 200 OK
INFO:     2601:645:8a84:56a0:b1bc:7b4e:134f:f10a:0 - "GET / HTTP/1.1" 200 OK
INFO:     2601:645:8a84:56a0:b1bc:7b4e:134f:f10a:0 - "GET / HTTP/1.1" 200 OK
INFO:     2601:645:8a84:56a0:b1bc:7b4e:134f:f10a:0 - "GET / HTTP/1.1" 200 OK
INFO:     2601:645:8a84:56a0:b1bc:7b4e:134f:f10a:0 - "GET / HTTP/1.1" 200 OK
INFO:     2601:645:8a84:56a0:b1bc:7b4e:134f:f10a:0 - "GET / HTTP/1.1" 200 OK
INFO:     2601:645:8a84:56a0:b1bc:7b4e:134f:f10a:0 - "GET / HTTP/1.1" 200 OK
INFO:     2601:645:8a84:56a0:b1bc:7b4e:134f:f10a:0 - "GET / HTTP/1.1" 200 OK
INFO:     2601:645:8a84:56a0:b1bc:7b4e:134f:f10a:0 - "GET / HTTP/1.1" 200 OK
INFO:     2601:645:8a84:56a0:b1bc:7b4e:134f:f10a:0 - "GET / HTTP/1.1" 200 OK
INFO:     2601:645:8a84:56a0:b1bc:7b4e:134f:f10a:0 - "GET / HTTP/1.1" 200 OK
INFO:     2601:645:8a84:56a0:b1bc:7b4e:134f:f10a:0 - "GET / HTTP/1.1" 200 OK
INFO:     2601:645:8a84:56a0:b1bc:7b4e:134f:f10a:0 - "GET / HTTP/1.1" 200 OK
INFO:     2601:645:8a84:56a0:b1bc:7b4e:134f:f10a:0 - "GET / HTTP/1.1" 200 OK
INFO:     2601:645:8a84:56a0:b1bc:7b4e:134f:f10a:0 - "GET / HTTP/1.1" 200 OK
INFO:     2601:645:8a84:56a0:b1bc:7b4e:134f:f10a:0 - "GET / HTTP/1.1" 200 OK
INFO:     2601:645:8a84:56a0:b1bc:7b4e:134f:f10a:0 - "GET / HTTP/1.1" 200 OK
INFO:     2601:645:8a84:56a0:b1bc:7b4e:134f:f10a:0 - "GET / HTTP/1.1" 200 OK
INFO:     2601:645:8a84:56a0:b1bc:7b4e:134f:f10a:0 - "GET / HTTP/1.1" 200 OK
INFO:     2601:645:8a84:56a0:b1bc:7b4e:134f:f10a:0 - "GET / HTTP/1.1" 200 OK
INFO:     2601:645:8a84:56a0:b1bc:7b4e:134f:f10a:0 - "GET / HTTP/1.1" 200 OK
INFO:     2601:645:8a84:56a0:b1bc:7b4e:134f:f10a:0 - "GET / HTTP/1.1" 200 OK
INFO:     2601:645:8a84:56a0:b1bc:7b4e:134f:f10a:0 - "GET / HTTP/1.1" 200 OK
INFO:     2601:645:8a84:56a0:b1bc:7b4e:134f:f10a:0 - "GET / HTTP/1.1" 200 OK
INFO:     2601:645:8a84:56a0:b1bc:7b4e:134f:f10a:0 - "GET / HTTP/1.1" 200 OK
INFO:     2601:645:8a84:56a0:b1bc:7b4e:134f:f10a:0 - "GET / HTTP/1.1" 200 OK
INFO:     2601:645:8a84:56a0:b1bc:7b4e:134f:f10a:0 - "GET / HTTP/1.1" 200 OK
INFO:     2601:645:8a84:56a0:b1bc:7b4e:134f:f10a:0 - "GET / HTTP/1.1" 200 OK
INFO:     2601:645:8a84:56a0:b1bc:7b4e:134f:f10a:0 - "GET / HTTP/1.1" 200 OK
INFO:     2601:645:8a84:56a0:b1bc:7b4e:134f:f10a:0 - "GET / HTTP/1.1" 200 OK
INFO:     2601:645:8a84:56a0:b1bc:7b4e:134f:f10a:0 - "GET / HTTP/1.1" 200 OK
INFO:     2601:645:8a84:56a0:b1bc:7b4e:134f:f10a:0 - "GET / HTTP/1.1" 200 OK
INFO:     2601:645:8a84:56a0:b1bc:7b4e:134f:f10a:0 - "GET / HTTP/1.1" 200 OK
INFO:     2601:645:8a84:56a0:b1bc:7b4e:134f:f10a:0 - "GET / HTTP/1.1" 200 OK
INFO:     2601:645:8a84:56a0:b1bc:7b4e:134f:f10a:0 - "GET / HTTP/1.1" 200 OK
INFO:     2601:645:8a84:56a0:b1bc:7b4e:134f:f10a:0 - "GET / HTTP/1.1" 200 OK
INFO:     2601:645:8a84:56a0:b1bc:7b4e:134f:f10a:0 - "GET / HTTP/1.1" 200 OK
INFO:     2601:645:8a84:56a0:b1bc:7b4e:134f:f10a:0 - "GET / HTTP/1.1" 200 OK
INFO:     2601:645:8a84:56a0:b1bc:7b4e:134f:f10a:0 - "GET / HTTP/1.1" 200 OK
INFO:     2601:645:8a84:56a0:b1bc:7b4e:134f:f10a:0 - "GET / HTTP/1.1" 200 OK
INFO:     2601:645:8a84:56a0:b1bc:7b4e:134f:f10a:0 - "GET / HTTP/1.1" 200 OK
INFO:     2601:645:8a84:56a0:b1bc:7b4e:134f:f10a:0 - "GET / HTTP/1.1" 200 OK
INFO:     2601:645:8a84:56a0:b1bc:7b4e:134f:f10a:0 - "GET / HTTP/1.1" 200 OK
INFO:     2601:645:8a84:56a0:b1bc:7b4e:134f:f10a:0 - "GET / HTTP/1.1" 200 OK
INFO:     2601:645:8a84:56a0:b1bc:7b4e:134f:f10a:0 - "GET / HTTP/1.1" 200 OK
INFO:     2601:645:8a84:56a0:b1bc:7b4e:134f:f10a:0 - "GET / HTTP/1.1" 200 OK
INFO:     2601:645:8a84:56a0:b1bc:7b4e:134f:f10a:0 - "GET / HTTP/1.1" 200 OK
INFO:     2601:645:8a84:56a0:b1bc:7b4e:134f:f10a:0 - "GET / HTTP/1.1" 200 OK
INFO:     2601:645:8a84:56a0:b1bc:7b4e:134f:f10a:0 - "GET / HTTP/1.1" 200 OK
INFO:     2601:645:8a84:56a0:b1bc:7b4e:134f:f10a:0 - "GET / HTTP/1.1" 200 OK
INFO:     2601:645:8a84:56a0:b1bc:7b4e:134f:f10a:0 - "GET / HTTP/1.1" 200 OK
INFO:     2601:645:8a84:56a0:b1bc:7b4e:134f:f10a:0 - "GET / HTTP/1.1" 200 OK
INFO:     2601:645:8a84:56a0:b1bc:7b4e:134f:f10a:0 - "GET / HTTP/1.1" 200 OK
INFO:     2601:645:8a84:56a0:b1bc:7b4e:134f:f10a:0 - "GET / HTTP/1.1" 200 OK
INFO:     2601:645:8a84:56a0:b1bc:7b4e:134f:f10a:0 - "GET / HTTP/1.1" 200 OK
INFO:     2601:645:8a84:56a0:b1bc:7b4e:134f:f10a:0 - "GET / HTTP/1.1" 200 OK
INFO:     2601:645:8a84:56a0:b1bc:7b4e:134f:f10a:0 - "GET / HTTP/1.1" 200 OK
INFO:     2601:645:8a84:56a0:b1bc:7b4e:134f:f10a:0 - "GET / HTTP/1.1" 200 OK
INFO:     2601:645:8a84:56a0:b1bc:7b4e:134f:f10a:0 - "GET / HTTP/1.1" 200 OK
INFO:     2601:645:8a84:56a0:b1bc:7b4e:134f:f10a:0 - "GET / HTTP/1.1" 200 OK
INFO:     2601:645:8a84:56a0:b1bc:7b4e:134f:f10a:0 - "GET / HTTP/1.1" 200 OK
INFO:     2601:645:8a84:56a0:b1bc:7b4e:134f:f10a:0 - "GET / HTTP/1.1" 200 OK
INFO:     2601:645:8a84:56a0:b1bc:7b4e:134f:f10a:0 - "GET / HTTP/1.1" 200 OK
INFO:     2601:645:8a84:56a0:b1bc:7b4e:134f:f10a:0 - "GET / HTTP/1.1" 200 OK
INFO:     2601:645:8a84:56a0:b1bc:7b4e:134f:f10a:0 - "GET / HTTP/1.1" 200 OK
INFO:     2601:645:8a84:56a0:b1bc:7b4e:134f:f10a:0 - "GET / HTTP/1.1" 200 OK
INFO:     2601:645:8a84:56a0:b1bc:7b4e:134f:f10a:0 - "GET / HTTP/1.1" 200 OK
INFO:     2601:645:8a84:56a0:b1bc:7b4e:134f:f10a:0 - "GET / HTTP/1.1" 200 OK
INFO:     2601:645:8a84:56a0:b1bc:7b4e:134f:f10a:0 - "GET / HTTP/1.1" 200 OK
INFO:     2601:645:8a84:56a0:b1bc:7b4e:134f:f10a:0 - "GET / HTTP/1.1" 200 OK
INFO:     2601:645:8a84:56a0:b1bc:7b4e:134f:f10a:0 - "GET / HTTP/1.1" 200 OK
INFO:     2601:645:8a84:56a0:b1bc:7b4e:134f:f10a:0 - "GET / HTTP/1.1" 200 OK
INFO:     2601:645:8a84:56a0:b1bc:7b4e:134f:f10a:0 - "GET /api/scan/efe012a9/report HTTP/1.1" 400 Bad Request
INFO:     2601:645:8a84:56a0:b1bc:7b4e:134f:f10a:0 - "GET /api/scan/a18d4510/report HTTP/1.1" 400 Bad Request
INFO:     2601:645:8a84:56a0:b1bc:7b4e:134f:f10a:0 - "GET / HTTP/1.1" 200 OK
INFO:     2601:645:8a84:56a0:b1bc:7b4e:134f:f10a:0 - "GET / HTTP/1.1" 200 OK
INFO:     2601:645:8a84:56a0:b1bc:7b4e:134f:f10a:0 - "GET / HTTP/1.1" 200 OK
INFO:     2601:645:8a84:56a0:b1bc:7b4e:134f:f10a:0 - "GET / HTTP/1.1" 200 OK
INFO:     2601:645:8a84:56a0:b1bc:7b4e:134f:f10a:0 - "GET / HTTP/1.1" 200 OK
INFO:     2601:645:8a84:56a0:b1bc:7b4e:134f:f10a:0 - "GET / HTTP/1.1" 200 OK
INFO:     2601:645:8a84:56a0:b1bc:7b4e:134f:f10a:0 - "GET / HTTP/1.1" 200 OK
INFO:     2601:645:8a84:56a0:b1bc:7b4e:134f:f10a:0 - "GET / HTTP/1.1" 200 OK
INFO:     2601:645:8a84:56a0:b1bc:7b4e:134f:f10a:0 - "GET / HTTP/1.1" 200 OK
INFO:     2601:645:8a84:56a0:b1bc:7b4e:134f:f10a:0 - "GET / HTTP/1.1" 200 OK
INFO:     2601:645:8a84:56a0:b1bc:7b4e:134f:f10a:0 - "GET / HTTP/1.1" 200 OK
INFO:     2601:645:8a84:56a0:b1bc:7b4e:134f:f10a:0 - "GET / HTTP/1.1" 200 OK
INFO:     2601:645:8a84:56a0:b1bc:7b4e:134f:f10a:0 - "GET / HTTP/1.1" 200 OK
INFO:     2601:645:8a84:56a0:b1bc:7b4e:134f:f10a:0 - "GET / HTTP/1.1" 200 OK
INFO:     2601:645:8a84:56a0:b1bc:7b4e:134f:f10a:0 - "GET / HTTP/1.1" 200 OK
INFO:     2601:645:8a84:56a0:b1bc:7b4e:134f:f10a:0 - "GET / HTTP/1.1" 200 OK
INFO:     2601:645:8a84:56a0:b1bc:7b4e:134f:f10a:0 - "GET / HTTP/1.1" 200 OK
INFO:     2601:645:8a84:56a0:b1bc:7b4e:134f:f10a:0 - "POST /api/scan HTTP/1.1" 200 OK
INFO:     2601:645:8a84:56a0:b1bc:7b4e:134f:f10a:0 - "GET / HTTP/1.1" 200 OK
INFO:     2601:645:8a84:56a0:b1bc:7b4e:134f:f10a:0 - "GET / HTTP/1.1" 200 OK
INFO:     2601:645:8a84:56a0:b1bc:7b4e:134f:f10a:0 - "GET / HTTP/1.1" 200 OK
INFO:     2601:645:8a84:56a0:b1bc:7b4e:134f:f10a:0 - "GET / HTTP/1.1" 200 OK
INFO:     2601:645:8a84:56a0:b1bc:7b4e:134f:f10a:0 - "GET / HTTP/1.1" 200 OK
INFO:     2601:645:8a84:56a0:b1bc:7b4e:134f:f10a:0 - "GET / HTTP/1.1" 200 OK
INFO:     2601:645:8a84:56a0:b1bc:7b4e:134f:f10a:0 - "GET / HTTP/1.1" 200 OK
INFO:     2601:645:8a84:56a0:b1bc:7b4e:134f:f10a:0 - "GET / HTTP/1.1" 200 OK
INFO:     2601:645:8a84:56a0:b1bc:7b4e:134f:f10a:0 - "GET / HTTP/1.1" 200 OK
INFO:     2601:645:8a84:56a0:b1bc:7b4e:134f:f10a:0 - "GET / HTTP/1.1" 200 OK
INFO:     2601:645:8a84:56a0:b1bc:7b4e:134f:f10a:0 - "GET / HTTP/1.1" 200 OK
INFO:     2601:645:8a84:56a0:b1bc:7b4e:134f:f10a:0 - "GET / HTTP/1.1" 200 OK
INFO:     2601:645:8a84:56a0:b1bc:7b4e:134f:f10a:0 - "GET / HTTP/1.1" 200 OK
INFO:     2601:645:8a84:56a0:b1bc:7b4e:134f:f10a:0 - "GET / HTTP/1.1" 200 OK
INFO:     2601:645:8a84:56a0:b1bc:7b4e:134f:f10a:0 - "GET / HTTP/1.1" 200 OK
INFO:     2601:645:8a84:56a0:b1bc:7b4e:134f:f10a:0 - "GET / HTTP/1.1" 200 OK
INFO:     2601:645:8a84:56a0:b1bc:7b4e:134f:f10a:0 - "GET / HTTP/1.1" 200 OK
INFO:     2601:645:8a84:56a0:b1bc:7b4e:134f:f10a:0 - "GET / HTTP/1.1" 200 OK
INFO:     2601:645:8a84:56a0:b1bc:7b4e:134f:f10a:0 - "GET / HTTP/1.1" 200 OK
INFO:     2601:645:8a84:56a0:b1bc:7b4e:134f:f10a:0 - "GET / HTTP/1.1" 200 OK
INFO:     2601:645:8a84:56a0:b1bc:7b4e:134f:f10a:0 - "GET / HTTP/1.1" 200 OK
INFO:     2601:645:8a84:56a0:b1bc:7b4e:134f:f10a:0 - "GET / HTTP/1.1" 200 OK
INFO:     2601:645:8a84:56a0:b1bc:7b4e:134f:f10a:0 - "GET / HTTP/1.1" 200 OK
INFO:     2601:645:8a84:56a0:b1bc:7b4e:134f:f10a:0 - "GET / HTTP/1.1" 200 OK
INFO:     2601:645:8a84:56a0:b1bc:7b4e:134f:f10a:0 - "GET / HTTP/1.1" 200 OK
INFO:     2601:645:8a84:56a0:b1bc:7b4e:134f:f10a:0 - "GET / HTTP/1.1" 200 OK
INFO:     2601:645:8a84:56a0:b1bc:7b4e:134f:f10a:0 - "GET / HTTP/1.1" 200 OK
INFO:     2601:645:8a84:56a0:b1bc:7b4e:134f:f10a:0 - "GET / HTTP/1.1" 200 OK
INFO:     2601:645:8a84:56a0:b1bc:7b4e:134f:f10a:0 - "GET / HTTP/1.1" 200 OK
INFO:     2601:645:8a84:56a0:b1bc:7b4e:134f:f10a:0 - "GET / HTTP/1.1" 200 OK
INFO:     2601:645:8a84:56a0:b1bc:7b4e:134f:f10a:0 - "GET / HTTP/1.1" 200 OK
INFO:     2601:645:8a84:56a0:b1bc:7b4e:134f:f10a:0 - "GET / HTTP/1.1" 200 OK
INFO:     2601:645:8a84:56a0:b1bc:7b4e:134f:f10a:0 - "GET / HTTP/1.1" 200 OK
INFO:     2601:645:8a84:56a0:b1bc:7b4e:134f:f10a:0 - "GET / HTTP/1.1" 200 OK
INFO:     2601:645:8a84:56a0:b1bc:7b4e:134f:f10a:0 - "GET / HTTP/1.1" 200 OK
INFO:     2601:645:8a84:56a0:b1bc:7b4e:134f:f10a:0 - "GET / HTTP/1.1" 200 OK
INFO:     2601:645:8a84:56a0:b1bc:7b4e:134f:f10a:0 - "GET / HTTP/1.1" 200 OK
INFO:     2601:645:8a84:56a0:b1bc:7b4e:134f:f10a:0 - "GET / HTTP/1.1" 200 OK
INFO:     2601:645:8a84:56a0:b1bc:7b4e:134f:f10a:0 - "GET / HTTP/1.1" 200 OK
INFO:     2601:645:8a84:56a0:b1bc:7b4e:134f:f10a:0 - "GET / HTTP/1.1" 200 OK
INFO:     2601:645:8a84:56a0:b1bc:7b4e:134f:f10a:0 - "GET / HTTP/1.1" 200 OK
INFO:     2601:645:8a84:56a0:b1bc:7b4e:134f:f10a:0 - "GET / HTTP/1.1" 200 OK
INFO:     2601:645:8a84:56a0:b1bc:7b4e:134f:f10a:0 - "GET / HTTP/1.1" 200 OK
INFO:     2601:645:8a84:56a0:b1bc:7b4e:134f:f10a:0 - "GET / HTTP/1.1" 200 OK
INFO:     2601:645:8a84:56a0:b1bc:7b4e:134f:f10a:0 - "GET / HTTP/1.1" 200 OK
INFO:     2601:645:8a84:56a0:b1bc:7b4e:134f:f10a:0 - "GET / HTTP/1.1" 200 OK
INFO:     2601:645:8a84:56a0:b1bc:7b4e:134f:f10a:0 - "GET / HTTP/1.1" 200 OK
INFO:     2601:645:8a84:56a0:b1bc:7b4e:134f:f10a:0 - "GET / HTTP/1.1" 200 OK
INFO:     2601:645:8a84:56a0:b1bc:7b4e:134f:f10a:0 - "GET / HTTP/1.1" 200 OK
INFO:     2601:645:8a84:56a0:b1bc:7b4e:134f:f10a:0 - "GET / HTTP/1.1" 200 OK
INFO:     2601:645:8a84:56a0:b1bc:7b4e:134f:f10a:0 - "GET / HTTP/1.1" 200 OK
INFO:     2601:645:8a84:56a0:b1bc:7b4e:134f:f10a:0 - "GET / HTTP/1.1" 200 OK
INFO:     2601:645:8a84:56a0:b1bc:7b4e:134f:f10a:0 - "GET / HTTP/1.1" 200 OK
INFO:     2601:645:8a84:56a0:b1bc:7b4e:134f:f10a:0 - "GET / HTTP/1.1" 200 OK
INFO:     2601:645:8a84:56a0:b1bc:7b4e:134f:f10a:0 - "GET / HTTP/1.1" 200 OK
INFO:     2601:645:8a84:56a0:b1bc:7b4e:134f:f10a:0 - "GET / HTTP/1.1" 200 OK
INFO:     2601:645:8a84:56a0:b1bc:7b4e:134f:f10a:0 - "GET / HTTP/1.1" 200 OK
INFO:     2601:645:8a84:56a0:b1bc:7b4e:134f:f10a:0 - "GET / HTTP/1.1" 200 OK
INFO:     2601:645:8a84:56a0:b1bc:7b4e:134f:f10a:0 - "GET / HTTP/1.1" 200 OK
INFO:     2601:645:8a84:56a0:b1bc:7b4e:134f:f10a:0 - "GET / HTTP/1.1" 200 OK
INFO:     2601:645:8a84:56a0:b1bc:7b4e:134f:f10a:0 - "GET / HTTP/1.1" 200 OK
INFO:     2601:645:8a84:56a0:b1bc:7b4e:134f:f10a:0 - "GET / HTTP/1.1" 200 OK
INFO:     2601:645:8a84:56a0:b1bc:7b4e:134f:f10a:0 - "GET / HTTP/1.1" 200 OK
INFO:     2601:645:8a84:56a0:b1bc:7b4e:134f:f10a:0 - "GET / HTTP/1.1" 200 OK
INFO:     2601:645:8a84:56a0:b1bc:7b4e:134f:f10a:0 - "GET / HTTP/1.1" 200 OK
INFO:     2601:645:8a84:56a0:b1bc:7b4e:134f:f10a:0 - "GET / HTTP/1.1" 200 OK
INFO:     2601:645:8a84:56a0:b1bc:7b4e:134f:f10a:0 - "GET / HTTP/1.1" 200 OK
INFO:     2601:645:8a84:56a0:b1bc:7b4e:134f:f10a:0 - "GET / HTTP/1.1" 200 OK
INFO:     2601:645:8a84:56a0:b1bc:7b4e:134f:f10a:0 - "GET / HTTP/1.1" 200 OK
INFO:     2601:645:8a84:56a0:b1bc:7b4e:134f:f10a:0 - "GET / HTTP/1.1" 200 OK
INFO:     2601:645:8a84:56a0:b1bc:7b4e:134f:f10a:0 - "GET / HTTP/1.1" 200 OK
INFO:     2601:645:8a84:56a0:b1bc:7b4e:134f:f10a:0 - "GET / HTTP/1.1" 200 OK
INFO:     2601:645:8a84:56a0:b1bc:7b4e:134f:f10a:0 - "GET / HTTP/1.1" 200 OK
INFO:     2601:645:8a84:56a0:b1bc:7b4e:134f:f10a:0 - "GET / HTTP/1.1" 200 OK
INFO:     2601:645:8a84:56a0:b1bc:7b4e:134f:f10a:0 - "GET / HTTP/1.1" 200 OK
INFO:     2601:645:8a84:56a0:b1bc:7b4e:134f:f10a:0 - "GET / HTTP/1.1" 200 OK
INFO:     2601:645:8a84:56a0:b1bc:7b4e:134f:f10a:0 - "GET / HTTP/1.1" 200 OK
INFO:     2601:645:8a84:56a0:b1bc:7b4e:134f:f10a:0 - "GET / HTTP/1.1" 200 OK
INFO:     2601:645:8a84:56a0:b1bc:7b4e:134f:f10a:0 - "GET / HTTP/1.1" 200 OK
INFO:     2601:645:8a84:56a0:b1bc:7b4e:134f:f10a:0 - "GET / HTTP/1.1" 200 OK
INFO:     2601:645:8a84:56a0:b1bc:7b4e:134f:f10a:0 - "GET / HTTP/1.1" 200 OK
INFO:     2601:645:8a84:56a0:b1bc:7b4e:134f:f10a:0 - "GET / HTTP/1.1" 200 OK
INFO:     2601:645:8a84:56a0:b1bc:7b4e:134f:f10a:0 - "GET / HTTP/1.1" 200 OK
INFO:     2601:645:8a84:56a0:b1bc:7b4e:134f:f10a:0 - "GET / HTTP/1.1" 200 OK
INFO:     2601:645:8a84:56a0:b1bc:7b4e:134f:f10a:0 - "GET / HTTP/1.1" 200 OK
INFO:     2601:645:8a84:56a0:b1bc:7b4e:134f:f10a:0 - "GET / HTTP/1.1" 200 OK
INFO:     2601:645:8a84:56a0:b1bc:7b4e:134f:f10a:0 - "GET / HTTP/1.1" 200 OK
INFO:     2601:645:8a84:56a0:b1bc:7b4e:134f:f10a:0 - "GET / HTTP/1.1" 200 OK
INFO:     2601:645:8a84:56a0:b1bc:7b4e:134f:f10a:0 - "GET / HTTP/1.1" 200 OK
INFO:     2601:645:8a84:56a0:b1bc:7b4e:134f:f10a:0 - "GET / HTTP/1.1" 200 OK
INFO:     2601:645:8a84:56a0:b1bc:7b4e:134f:f10a:0 - "GET / HTTP/1.1" 200 OK
INFO:     2601:645:8a84:56a0:b1bc:7b4e:134f:f10a:0 - "GET / HTTP/1.1" 200 OK
INFO:     2601:645:8a84:56a0:b1bc:7b4e:134f:f10a:0 - "GET / HTTP/1.1" 200 OK
INFO:     2601:645:8a84:56a0:b1bc:7b4e:134f:f10a:0 - "GET / HTTP/1.1" 200 OK
INFO:     2601:645:8a84:56a0:b1bc:7b4e:134f:f10a:0 - "GET / HTTP/1.1" 200 OK
INFO:     2601:645:8a84:56a0:b1bc:7b4e:134f:f10a:0 - "GET / HTTP/1.1" 200 OK
INFO:     2601:645:8a84:56a0:b1bc:7b4e:134f:f10a:0 - "GET / HTTP/1.1" 200 OK
INFO:     2601:645:8a84:56a0:b1bc:7b4e:134f:f10a:0 - "GET / HTTP/1.1" 200 OK
INFO:     2601:645:8a84:56a0:b1bc:7b4e:134f:f10a:0 - "GET / HTTP/1.1" 200 OK
INFO:     2601:645:8a84:56a0:b1bc:7b4e:134f:f10a:0 - "GET / HTTP/1.1" 200 OK
INFO:     2601:645:8a84:56a0:b1bc:7b4e:134f:f10a:0 - "GET / HTTP/1.1" 200 OK
INFO:     2601:645:8a84:56a0:b1bc:7b4e:134f:f10a:0 - "GET / HTTP/1.1" 200 OK
INFO:     2601:645:8a84:56a0:b1bc:7b4e:134f:f10a:0 - "GET / HTTP/1.1" 200 OK
INFO:     2601:645:8a84:56a0:b1bc:7b4e:134f:f10a:0 - "GET / HTTP/1.1" 200 OK
INFO:     2601:645:8a84:56a0:b1bc:7b4e:134f:f10a:0 - "GET / HTTP/1.1" 200 OK
INFO:     2601:645:8a84:56a0:b1bc:7b4e:134f:f10a:0 - "GET / HTTP/1.1" 200 OK
INFO:     2601:645:8a84:56a0:b1bc:7b4e:134f:f10a:0 - "GET / HTTP/1.1" 200 OK
INFO:     2601:645:8a84:56a0:b1bc:7b4e:134f:f10a:0 - "GET / HTTP/1.1" 200 OK
INFO:     2601:645:8a84:56a0:b1bc:7b4e:134f:f10a:0 - "GET / HTTP/1.1" 200 OK
INFO:     2601:645:8a84:56a0:b1bc:7b4e:134f:f10a:0 - "GET / HTTP/1.1" 200 OK
INFO:     2601:645:8a84:56a0:b1bc:7b4e:134f:f10a:0 - "GET / HTTP/1.1" 200 OK
INFO:     2601:645:8a84:56a0:b1bc:7b4e:134f:f10a:0 - "GET / HTTP/1.1" 200 OK
INFO:     2601:645:8a84:56a0:b1bc:7b4e:134f:f10a:0 - "GET / HTTP/1.1" 200 OK
INFO:     2601:645:8a84:56a0:b1bc:7b4e:134f:f10a:0 - "GET / HTTP/1.1" 200 OK
INFO:     2601:645:8a84:56a0:b1bc:7b4e:134f:f10a:0 - "GET / HTTP/1.1" 200 OK
INFO:     2601:645:8a84:56a0:b1bc:7b4e:134f:f10a:0 - "GET / HTTP/1.1" 200 OK
INFO:     2601:645:8a84:56a0:b1bc:7b4e:134f:f10a:0 - "GET / HTTP/1.1" 200 OK
INFO:     2601:645:8a84:56a0:b1bc:7b4e:134f:f10a:0 - "GET / HTTP/1.1" 200 OK
INFO:     2601:645:8a84:56a0:b1bc:7b4e:134f:f10a:0 - "GET / HTTP/1.1" 200 OK
INFO:     2601:645:8a84:56a0:b1bc:7b4e:134f:f10a:0 - "GET / HTTP/1.1" 200 OK
INFO:     2601:645:8a84:56a0:b1bc:7b4e:134f:f10a:0 - "GET / HTTP/1.1" 200 OK
INFO:     2601:645:8a84:56a0:b1bc:7b4e:134f:f10a:0 - "GET / HTTP/1.1" 200 OK
INFO:     2601:645:8a84:56a0:b1bc:7b4e:134f:f10a:0 - "GET / HTTP/1.1" 200 OK
INFO:     2601:645:8a84:56a0:b1bc:7b4e:134f:f10a:0 - "GET / HTTP/1.1" 200 OK
INFO:     2601:645:8a84:56a0:b1bc:7b4e:134f:f10a:0 - "GET / HTTP/1.1" 200 OK
INFO:     2601:645:8a84:56a0:b1bc:7b4e:134f:f10a:0 - "GET / HTTP/1.1" 200 OK
INFO:     2601:645:8a84:56a0:b1bc:7b4e:134f:f10a:0 - "GET / HTTP/1.1" 200 OK
INFO:     2601:645:8a84:56a0:b1bc:7b4e:134f:f10a:0 - "GET / HTTP/1.1" 200 OK
INFO:     2601:645:8a84:56a0:b1bc:7b4e:134f:f10a:0 - "GET / HTTP/1.1" 200 OK
INFO:     2601:645:8a84:56a0:b1bc:7b4e:134f:f10a:0 - "GET / HTTP/1.1" 200 OK
INFO:     2601:645:8a84:56a0:b1bc:7b4e:134f:f10a:0 - "GET / HTTP/1.1" 200 OK
INFO:     2601:645:8a84:56a0:b1bc:7b4e:134f:f10a:0 - "GET / HTTP/1.1" 200 OK
INFO:     2601:645:8a84:56a0:b1bc:7b4e:134f:f10a:0 - "GET / HTTP/1.1" 200 OK
INFO:     2601:645:8a84:56a0:b1bc:7b4e:134f:f10a:0 - "GET / HTTP/1.1" 200 OK
INFO:     2601:645:8a84:56a0:b1bc:7b4e:134f:f10a:0 - "GET / HTTP/1.1" 200 OK
INFO:     2601:645:8a84:56a0:b1bc:7b4e:134f:f10a:0 - "GET / HTTP/1.1" 200 OK
INFO:     2601:645:8a84:56a0:b1bc:7b4e:134f:f10a:0 - "GET / HTTP/1.1" 200 OK
INFO:     2601:645:8a84:56a0:b1bc:7b4e:134f:f10a:0 - "GET / HTTP/1.1" 200 OK
INFO:     2601:645:8a84:56a0:b1bc:7b4e:134f:f10a:0 - "GET / HTTP/1.1" 200 OK
INFO:     2601:645:8a84:56a0:b1bc:7b4e:134f:f10a:0 - "GET / HTTP/1.1" 200 OK
INFO:     2601:645:8a84:56a0:b1bc:7b4e:134f:f10a:0 - "GET / HTTP/1.1" 200 OK
INFO:     2601:645:8a84:56a0:b1bc:7b4e:134f:f10a:0 - "GET / HTTP/1.1" 200 OK
INFO:     2601:645:8a84:56a0:b1bc:7b4e:134f:f10a:0 - "GET / HTTP/1.1" 200 OK
INFO:     2601:645:8a84:56a0:b1bc:7b4e:134f:f10a:0 - "GET / HTTP/1.1" 200 OK
INFO:     2601:645:8a84:56a0:b1bc:7b4e:134f:f10a:0 - "GET / HTTP/1.1" 200 OK
INFO:     2601:645:8a84:56a0:b1bc:7b4e:134f:f10a:0 - "GET / HTTP/1.1" 200 OK
INFO:     2601:645:8a84:56a0:b1bc:7b4e:134f:f10a:0 - "GET / HTTP/1.1" 200 OK
INFO:     2601:645:8a84:56a0:b1bc:7b4e:134f:f10a:0 - "GET / HTTP/1.1" 200 OK
INFO:     2601:645:8a84:56a0:b1bc:7b4e:134f:f10a:0 - "GET / HTTP/1.1" 200 OK
INFO:     2601:645:8a84:56a0:b1bc:7b4e:134f:f10a:0 - "GET / HTTP/1.1" 200 OK
INFO:     2601:645:8a84:56a0:b1bc:7b4e:134f:f10a:0 - "GET / HTTP/1.1" 200 OK
INFO:     2601:645:8a84:56a0:b1bc:7b4e:134f:f10a:0 - "GET / HTTP/1.1" 200 OK
INFO:     2601:645:8a84:56a0:b1bc:7b4e:134f:f10a:0 - "GET /api/scan/7ec2b47a/report HTTP/1.1" 200 OK
INFO:     2601:645:8a84:56a0:b1bc:7b4e:134f:f10a:0 - "GET / HTTP/1.1" 200 OK
INFO:     Shutting down
INFO:     Waiting for application shutdown.
INFO:     Application shutdown complete.
INFO:     Finished server process [940]
INFO:     Started server process [26073]
INFO:     Waiting for application startup.
INFO:     Application startup complete.
INFO:     Uvicorn running on http://0.0.0.0:8003 (Press CTRL+C to quit)
INFO:     Shutting down
INFO:     Waiting for application shutdown.
INFO:     Application shutdown complete.
INFO:     Finished server process [26073]
INFO:     Started server process [27357]
INFO:     Waiting for application startup.
INFO:     Application startup complete.
INFO:     Uvicorn running on http://0.0.0.0:8003 (Press CTRL+C to quit)
INFO:     2601:645:8a84:56a0:b1bc:7b4e:134f:f10a:0 - "GET / HTTP/1.1" 200 OK
INFO:     Shutting down
INFO:     Waiting for application shutdown.
INFO:     Application shutdown complete.
INFO:     Finished server process [27357]
INFO:     Started server process [30096]
INFO:     Waiting for application startup.
INFO:     Application startup complete.
INFO:     Uvicorn running on http://0.0.0.0:8003 (Press CTRL+C to quit)
INFO:     2601:645:8a84:56a0:b1bc:7b4e:134f:f10a:0 - "GET / HTTP/1.1" 200 OK
INFO:     2601:645:8a84:56a0:b1bc:7b4e:134f:f10a:0 - "GET / HTTP/1.1" 200 OK
