
Scanning: https://americanpackaging.com
Max pages: 9999

Navigation failed with domcontentloaded, trying 'commit': https://americanpackaging.com/u/files/Stan-the-Man.pdf
Error crawling https://americanpackaging.com/u/files/Stan-the-Man.pdf (attempt 1/3): Page.goto: Download is starting
Call log:
  - navigating to "https://americanpackaging.com/u/files/Stan-the-Man.pdf", waiting until "domcontentloaded"

Error crawling https://americanpackaging.com/u/files/Stan-the-Man.pdf (attempt 2/3): Page.goto: Download is starting
Call log:
  - navigating to "https://americanpackaging.com/u/files/Stan-the-Man.pdf", waiting until "domcontentloaded"

Error crawling https://americanpackaging.com/u/files/Stan-the-Man.pdf (attempt 3/3): Page.goto: Download is starting
Call log:
  - navigating to "https://americanpackaging.com/u/files/Stan-the-Man.pdf", waiting until "domcontentloaded"

Navigation failed with domcontentloaded, trying 'commit': https://americanpackaging.com/u/guide/APC11850_HPEFlexo_Inf_F.pdf
Error crawling https://americanpackaging.com/u/guide/APC11850_HPEFlexo_Inf_F.pdf (attempt 1/3): Page.goto: Download is starting
Call log:
  - navigating to "https://americanpackaging.com/u/guide/APC11850_HPEFlexo_Inf_F.pdf", waiting until "domcontentloaded"

Error crawling https://americanpackaging.com/u/guide/APC11850_HPEFlexo_Inf_F.pdf (attempt 2/3): Page.goto: Download is starting
Call log:
  - navigating to "https://americanpackaging.com/u/guide/APC11850_HPEFlexo_Inf_F.pdf", waiting until "domcontentloaded"

Error crawling https://americanpackaging.com/u/guide/APC11850_HPEFlexo_Inf_F.pdf (attempt 3/3): Page.goto: Download is starting
Call log:
  - navigating to "https://americanpackaging.com/u/guide/APC11850_HPEFlexo_Inf_F.pdf", waiting until "domcontentloaded"

Navigation failed with domcontentloaded, trying 'commit': https://americanpackaging.com/u/files/APC-Rotogravure-Printing-Infographic-PDF.pdf
Error crawling https://americanpackaging.com/u/files/APC-Rotogravure-Printing-Infographic-PDF.pdf (attempt 1/3): Page.goto: Download is starting
Call log:
  - navigating to "https://americanpackaging.com/u/files/APC-Rotogravure-Printing-Infographic-PDF.pdf", waiting until "domcontentloaded"

Error crawling https://americanpackaging.com/u/files/APC-Rotogravure-Printing-Infographic-PDF.pdf (attempt 2/3): Page.goto: Download is starting
Call log:
  - navigating to "https://americanpackaging.com/u/files/APC-Rotogravure-Printing-Infographic-PDF.pdf", waiting until "domcontentloaded"

Error crawling https://americanpackaging.com/u/files/APC-Rotogravure-Printing-Infographic-PDF.pdf (attempt 3/3): Page.goto: Download is starting
Call log:
  - navigating to "https://americanpackaging.com/u/files/APC-Rotogravure-Printing-Infographic-PDF.pdf", waiting until "domcontentloaded"

Navigation failed with domcontentloaded, trying 'commit': https://americanpackaging.com/u/guide/12516_APC_ROTO_Infograph.pdf95.pdf
Error crawling https://americanpackaging.com/u/guide/12516_APC_ROTO_Infograph.pdf95.pdf (attempt 1/3): Page.goto: Download is starting
Call log:
  - navigating to "https://americanpackaging.com/u/guide/12516_APC_ROTO_Infograph.pdf95.pdf", waiting until "domcontentloaded"

Error crawling https://americanpackaging.com/u/guide/12516_APC_ROTO_Infograph.pdf95.pdf (attempt 2/3): Page.goto: Download is starting
Call log:
  - navigating to "https://americanpackaging.com/u/guide/12516_APC_ROTO_Infograph.pdf95.pdf", waiting until "domcontentloaded"

Error crawling https://americanpackaging.com/u/guide/12516_APC_ROTO_Infograph.pdf95.pdf (attempt 3/3): Page.goto: Download is starting
Call log:
  - navigating to "https://americanpackaging.com/u/guide/12516_APC_ROTO_Infograph.pdf95.pdf", waiting until "domcontentloaded"

Navigation failed with domcontentloaded, trying 'commit': https://americanpackaging.com/u/guide/RE-Design-for-Recycle-Packaging-One-Page-Rev.01.pdf
Error crawling https://americanpackaging.com/u/guide/RE-Design-for-Recycle-Packaging-One-Page-Rev.01.pdf (attempt 1/3): Page.goto: Download is starting
Call log:
  - navigating to "https://americanpackaging.com/u/guide/RE-Design-for-Recycle-Packaging-One-Page-Rev.01.pdf", waiting until "domcontentloaded"

Error crawling https://americanpackaging.com/u/guide/RE-Design-for-Recycle-Packaging-One-Page-Rev.01.pdf (attempt 2/3): Page.goto: Download is starting
Call log:
  - navigating to "https://americanpackaging.com/u/guide/RE-Design-for-Recycle-Packaging-One-Page-Rev.01.pdf", waiting until "domcontentloaded"

Error crawling https://americanpackaging.com/u/guide/RE-Design-for-Recycle-Packaging-One-Page-Rev.01.pdf (attempt 3/3): Page.goto: Download is starting
Call log:
  - navigating to "https://americanpackaging.com/u/guide/RE-Design-for-Recycle-Packaging-One-Page-Rev.01.pdf", waiting until "domcontentloaded"

Navigation failed with domcontentloaded, trying 'commit': https://americanpackaging.com/u/guide/RE-Design-for-Compost-One-Page-Rev.01.pdf
Error crawling https://americanpackaging.com/u/guide/RE-Design-for-Compost-One-Page-Rev.01.pdf (attempt 1/3): Page.goto: Download is starting
Call log:
  - navigating to "https://americanpackaging.com/u/guide/RE-Design-for-Compost-One-Page-Rev.01.pdf", waiting until "domcontentloaded"

Error crawling https://americanpackaging.com/u/guide/RE-Design-for-Compost-One-Page-Rev.01.pdf (attempt 2/3): Page.goto: Download is starting
Call log:
  - navigating to "https://americanpackaging.com/u/guide/RE-Design-for-Compost-One-Page-Rev.01.pdf", waiting until "domcontentloaded"

Error crawling https://americanpackaging.com/u/guide/RE-Design-for-Compost-One-Page-Rev.01.pdf (attempt 3/3): Page.goto: Download is starting
Call log:
  - navigating to "https://americanpackaging.com/u/guide/RE-Design-for-Compost-One-Page-Rev.01.pdf", waiting until "domcontentloaded"

Navigation failed with domcontentloaded, trying 'commit': https://americanpackaging.com/u/guide/ISCC-PLUS-Certification-One-Page-Rev.01.pdf
Error crawling https://americanpackaging.com/u/guide/ISCC-PLUS-Certification-One-Page-Rev.01.pdf (attempt 1/3): Page.goto: Download is starting
Call log:
  - navigating to "https://americanpackaging.com/u/guide/ISCC-PLUS-Certification-One-Page-Rev.01.pdf", waiting until "domcontentloaded"

Error crawling https://americanpackaging.com/u/guide/ISCC-PLUS-Certification-One-Page-Rev.01.pdf (attempt 2/3): Page.goto: Download is starting
Call log:
  - navigating to "https://americanpackaging.com/u/guide/ISCC-PLUS-Certification-One-Page-Rev.01.pdf", waiting until "domcontentloaded"

Error crawling https://americanpackaging.com/u/guide/ISCC-PLUS-Certification-One-Page-Rev.01.pdf (attempt 3/3): Page.goto: Download is starting
Call log:
  - navigating to "https://americanpackaging.com/u/guide/ISCC-PLUS-Certification-One-Page-Rev.01.pdf", waiting until "domcontentloaded"

Navigation failed with domcontentloaded, trying 'commit': https://americanpackaging.com/u/guide/RE-Design-for-Recycle-Packaging-Rev.02-01.20.2025.pdf
Error crawling https://americanpackaging.com/u/guide/RE-Design-for-Recycle-Packaging-Rev.02-01.20.2025.pdf (attempt 1/3): Page.goto: Download is starting
Call log:
  - navigating to "https://americanpackaging.com/u/guide/RE-Design-for-Recycle-Packaging-Rev.02-01.20.2025.pdf", waiting until "domcontentloaded"

Error crawling https://americanpackaging.com/u/guide/RE-Design-for-Recycle-Packaging-Rev.02-01.20.2025.pdf (attempt 2/3): Page.goto: Download is starting
Call log:
  - navigating to "https://americanpackaging.com/u/guide/RE-Design-for-Recycle-Packaging-Rev.02-01.20.2025.pdf", waiting until "domcontentloaded"

Error crawling https://americanpackaging.com/u/guide/RE-Design-for-Recycle-Packaging-Rev.02-01.20.2025.pdf (attempt 3/3): Page.goto: Download is starting
Call log:
  - navigating to "https://americanpackaging.com/u/guide/RE-Design-for-Recycle-Packaging-Rev.02-01.20.2025.pdf", waiting until "domcontentloaded"

Navigation failed with domcontentloaded, trying 'commit': https://americanpackaging.com/u/guide/RE-Design-for-Compost-Rev.03-01.20.2025.pdf
Error crawling https://americanpackaging.com/u/guide/RE-Design-for-Compost-Rev.03-01.20.2025.pdf (attempt 1/3): Page.goto: Download is starting
Call log:
  - navigating to "https://americanpackaging.com/u/guide/RE-Design-for-Compost-Rev.03-01.20.2025.pdf", waiting until "domcontentloaded"

Error crawling https://americanpackaging.com/u/guide/RE-Design-for-Compost-Rev.03-01.20.2025.pdf (attempt 2/3): Page.goto: Download is starting
Call log:
  - navigating to "https://americanpackaging.com/u/guide/RE-Design-for-Compost-Rev.03-01.20.2025.pdf", waiting until "domcontentloaded"

Error crawling https://americanpackaging.com/u/guide/RE-Design-for-Compost-Rev.03-01.20.2025.pdf (attempt 3/3): Page.goto: Download is starting
Call log:
  - navigating to "https://americanpackaging.com/u/guide/RE-Design-for-Compost-Rev.03-01.20.2025.pdf", waiting until "domcontentloaded"

Navigation failed with domcontentloaded, trying 'commit': https://americanpackaging.com/u/guide/Certified-Circular-Content-ISCC-PLUS-Rev.02-02.03.2025.pdf
Error crawling https://americanpackaging.com/u/guide/Certified-Circular-Content-ISCC-PLUS-Rev.02-02.03.2025.pdf (attempt 1/3): Page.goto: Download is starting
Call log:
  - navigating to "https://americanpackaging.com/u/guide/Certified-Circular-Content-ISCC-PLUS-Rev.02-02.03.2025.pdf", waiting until "domcontentloaded"

Error crawling https://americanpackaging.com/u/guide/Certified-Circular-Content-ISCC-PLUS-Rev.02-02.03.2025.pdf (attempt 2/3): Page.goto: Download is starting
Call log:
  - navigating to "https://americanpackaging.com/u/guide/Certified-Circular-Content-ISCC-PLUS-Rev.02-02.03.2025.pdf", waiting until "domcontentloaded"

Error crawling https://americanpackaging.com/u/guide/Certified-Circular-Content-ISCC-PLUS-Rev.02-02.03.2025.pdf (attempt 3/3): Page.goto: Download is starting
Call log:
  - navigating to "https://americanpackaging.com/u/guide/Certified-Circular-Content-ISCC-PLUS-Rev.02-02.03.2025.pdf", waiting until "domcontentloaded"

Navigation failed with domcontentloaded, trying 'commit': https://americanpackaging.com/u/files/APC-Career-FAQ.pdf
Error crawling https://americanpackaging.com/u/files/APC-Career-FAQ.pdf (attempt 1/3): Page.goto: Download is starting
Call log:
  - navigating to "https://americanpackaging.com/u/files/APC-Career-FAQ.pdf", waiting until "domcontentloaded"

Error crawling https://americanpackaging.com/u/files/APC-Career-FAQ.pdf (attempt 2/3): Page.goto: Download is starting
Call log:
  - navigating to "https://americanpackaging.com/u/files/APC-Career-FAQ.pdf", waiting until "domcontentloaded"

Error crawling https://americanpackaging.com/u/files/APC-Career-FAQ.pdf (attempt 3/3): Page.goto: Download is starting
Call log:
  - navigating to "https://americanpackaging.com/u/files/APC-Career-FAQ.pdf", waiting until "domcontentloaded"

Navigation failed with domcontentloaded, trying 'commit': https://americanpackaging.com/u/files/EEOC_KnowYourRights.pdf
Error crawling https://americanpackaging.com/u/files/EEOC_KnowYourRights.pdf (attempt 1/3): Page.goto: Download is starting
Call log:
  - navigating to "https://americanpackaging.com/u/files/EEOC_KnowYourRights.pdf", waiting until "domcontentloaded"

Error crawling https://americanpackaging.com/u/files/EEOC_KnowYourRights.pdf (attempt 2/3): Page.goto: Download is starting
Call log:
  - navigating to "https://americanpackaging.com/u/files/EEOC_KnowYourRights.pdf", waiting until "domcontentloaded"

Error crawling https://americanpackaging.com/u/files/EEOC_KnowYourRights.pdf (attempt 3/3): Page.goto: Download is starting
Call log:
  - navigating to "https://americanpackaging.com/u/files/EEOC_KnowYourRights.pdf", waiting until "domcontentloaded"

Navigation failed with domcontentloaded, trying 'commit': https://americanpackaging.com/u/files/PayTransparency-NonDiscriminationProvision.pdf
Error crawling https://americanpackaging.com/u/files/PayTransparency-NonDiscriminationProvision.pdf (attempt 1/3): Page.goto: Download is starting
Call log:
  - navigating to "https://americanpackaging.com/u/files/PayTransparency-NonDiscriminationProvision.pdf", waiting until "domcontentloaded"

Error crawling https://americanpackaging.com/u/files/PayTransparency-NonDiscriminationProvision.pdf (attempt 2/3): Page.goto: Download is starting
Call log:
  - navigating to "https://americanpackaging.com/u/files/PayTransparency-NonDiscriminationProvision.pdf", waiting until "domcontentloaded"

Error crawling https://americanpackaging.com/u/files/PayTransparency-NonDiscriminationProvision.pdf (attempt 3/3): Page.goto: Download is starting
Call log:
  - navigating to "https://americanpackaging.com/u/files/PayTransparency-NonDiscriminationProvision.pdf", waiting until "domcontentloaded"

Navigation failed with domcontentloaded, trying 'commit': https://americanpackaging.com/u/files/American-Packaging-Equal-Opportunity-Policy-Statement-2024.pdf
Error crawling https://americanpackaging.com/u/files/American-Packaging-Equal-Opportunity-Policy-Statement-2024.pdf (attempt 1/3): Page.goto: Download is starting
Call log:
  - navigating to "https://americanpackaging.com/u/files/American-Packaging-Equal-Opportunity-Policy-Statement-2024.pdf", waiting until "domcontentloaded"

Error crawling https://americanpackaging.com/u/files/American-Packaging-Equal-Opportunity-Policy-Statement-2024.pdf (attempt 2/3): Page.goto: Download is starting
Call log:
  - navigating to "https://americanpackaging.com/u/files/American-Packaging-Equal-Opportunity-Policy-Statement-2024.pdf", waiting until "domcontentloaded"

Error crawling https://americanpackaging.com/u/files/American-Packaging-Equal-Opportunity-Policy-Statement-2024.pdf (attempt 3/3): Page.goto: Download is starting
Call log:
  - navigating to "https://americanpackaging.com/u/files/American-Packaging-Equal-Opportunity-Policy-Statement-2024.pdf", waiting until "domcontentloaded"

Navigation failed with domcontentloaded, trying 'commit': https://americanpackaging.com/u/files/EmployeePolygraphProtectionAct.pdf
Error crawling https://americanpackaging.com/u/files/EmployeePolygraphProtectionAct.pdf (attempt 1/3): Page.goto: Download is starting
Call log:
  - navigating to "https://americanpackaging.com/u/files/EmployeePolygraphProtectionAct.pdf", waiting until "domcontentloaded"

Error crawling https://americanpackaging.com/u/files/EmployeePolygraphProtectionAct.pdf (attempt 2/3): Page.goto: Download is starting
Call log:
  - navigating to "https://americanpackaging.com/u/files/EmployeePolygraphProtectionAct.pdf", waiting until "domcontentloaded"

Error crawling https://americanpackaging.com/u/files/EmployeePolygraphProtectionAct.pdf (attempt 3/3): Page.goto: Download is starting
Call log:
  - navigating to "https://americanpackaging.com/u/files/EmployeePolygraphProtectionAct.pdf", waiting until "domcontentloaded"

Navigation failed with domcontentloaded, trying 'commit': https://americanpackaging.com/u/files/FamilyMedicalLeaveAct.pdf
Error crawling https://americanpackaging.com/u/files/FamilyMedicalLeaveAct.pdf (attempt 1/3): Page.goto: Download is starting
Call log:
  - navigating to "https://americanpackaging.com/u/files/FamilyMedicalLeaveAct.pdf", waiting until "domcontentloaded"

Error crawling https://americanpackaging.com/u/files/FamilyMedicalLeaveAct.pdf (attempt 2/3): Page.goto: Download is starting
Call log:
  - navigating to "https://americanpackaging.com/u/files/FamilyMedicalLeaveAct.pdf", waiting until "domcontentloaded"

Error crawling https://americanpackaging.com/u/files/FamilyMedicalLeaveAct.pdf (attempt 3/3): Page.goto: Download is starting
Call log:
  - navigating to "https://americanpackaging.com/u/files/FamilyMedicalLeaveAct.pdf", waiting until "domcontentloaded"

Navigation failed with domcontentloaded, trying 'commit': https://americanpackaging.com/u/files/2021-FPA-awards97.pdf
Error crawling https://americanpackaging.com/u/files/2021-FPA-awards97.pdf (attempt 1/3): Page.goto: Download is starting
Call log:
  - navigating to "https://americanpackaging.com/u/files/2021-FPA-awards97.pdf", waiting until "domcontentloaded"

Error crawling https://americanpackaging.com/u/files/2021-FPA-awards97.pdf (attempt 2/3): Page.goto: Download is starting
Call log:
  - navigating to "https://americanpackaging.com/u/files/2021-FPA-awards97.pdf", waiting until "domcontentloaded"

Error crawling https://americanpackaging.com/u/files/2021-FPA-awards97.pdf (attempt 3/3): Page.goto: Download is starting
Call log:
  - navigating to "https://americanpackaging.com/u/files/2021-FPA-awards97.pdf", waiting until "domcontentloaded"

Navigation failed with domcontentloaded, trying 'commit': https://americanpackaging.com/u/files/2023-How-Three-Verticals-Help-Brand-Owners-3.pdf
Error crawling https://americanpackaging.com/u/files/2023-How-Three-Verticals-Help-Brand-Owners-3.pdf (attempt 1/3): Page.goto: Download is starting
Call log:
  - navigating to "https://americanpackaging.com/u/files/2023-How-Three-Verticals-Help-Brand-Owners-3.pdf", waiting until "domcontentloaded"

Error crawling https://americanpackaging.com/u/files/2023-How-Three-Verticals-Help-Brand-Owners-3.pdf (attempt 2/3): Page.goto: Download is starting
Call log:
  - navigating to "https://americanpackaging.com/u/files/2023-How-Three-Verticals-Help-Brand-Owners-3.pdf", waiting until "domcontentloaded"

Error crawling https://americanpackaging.com/u/files/2023-How-Three-Verticals-Help-Brand-Owners-3.pdf (attempt 3/3): Page.goto: Download is starting
Call log:
  - navigating to "https://americanpackaging.com/u/files/2023-How-Three-Verticals-Help-Brand-Owners-3.pdf", waiting until "domcontentloaded"

Navigation failed with domcontentloaded, trying 'commit': https://americanpackaging.com/u/files/Issue-19-APC-Sustainable-Times-2023.09.pdf
Error crawling https://americanpackaging.com/u/files/Issue-19-APC-Sustainable-Times-2023.09.pdf (attempt 1/3): Page.goto: Download is starting
Call log:
  - navigating to "https://americanpackaging.com/u/files/Issue-19-APC-Sustainable-Times-2023.09.pdf", waiting until "domcontentloaded"

Error crawling https://americanpackaging.com/u/files/Issue-19-APC-Sustainable-Times-2023.09.pdf (attempt 2/3): Page.goto: Download is starting
Call log:
  - navigating to "https://americanpackaging.com/u/files/Issue-19-APC-Sustainable-Times-2023.09.pdf", waiting until "domcontentloaded"

Error crawling https://americanpackaging.com/u/files/Issue-19-APC-Sustainable-Times-2023.09.pdf (attempt 3/3): Page.goto: Download is starting
Call log:
  - navigating to "https://americanpackaging.com/u/files/Issue-19-APC-Sustainable-Times-2023.09.pdf", waiting until "domcontentloaded"

Navigation failed with domcontentloaded, trying 'commit': https://americanpackaging.com/u/files/2023.08.19-Following-the-%E2%80%98four-Ps%E2%80%99-could-help-ensure-a-successful-snack-launch-_-Snack-Food-Wholesale-Bakery.pdf
Error crawling https://americanpackaging.com/u/files/2023.08.19-Following-the-%E2%80%98four-Ps%E2%80%99-could-help-ensure-a-successful-snack-launch-_-Snack-Food-Wholesale-Bakery.pdf (attempt 1/3): Page.goto: Download is starting
Call log:
  - navigating to "https://americanpackaging.com/u/files/2023.08.19-Following-the-%E2%80%98four-Ps%E2%80%99-could-help-ensure-a-successful-snack-launch-_-Snack-Food-Wholesale-Bakery.pdf", waiting until "domcontentloaded"

Error crawling https://americanpackaging.com/u/files/2023.08.19-Following-the-%E2%80%98four-Ps%E2%80%99-could-help-ensure-a-successful-snack-launch-_-Snack-Food-Wholesale-Bakery.pdf (attempt 2/3): Page.goto: Download is starting
Call log:
  - navigating to "https://americanpackaging.com/u/files/2023.08.19-Following-the-%E2%80%98four-Ps%E2%80%99-could-help-ensure-a-successful-snack-launch-_-Snack-Food-Wholesale-Bakery.pdf", waiting until "domcontentloaded"

Error crawling https://americanpackaging.com/u/files/2023.08.19-Following-the-%E2%80%98four-Ps%E2%80%99-could-help-ensure-a-successful-snack-launch-_-Snack-Food-Wholesale-Bakery.pdf (attempt 3/3): Page.goto: Download is starting
Call log:
  - navigating to "https://americanpackaging.com/u/files/2023.08.19-Following-the-%E2%80%98four-Ps%E2%80%99-could-help-ensure-a-successful-snack-launch-_-Snack-Food-Wholesale-Bakery.pdf", waiting until "domcontentloaded"

Navigation failed with domcontentloaded, trying 'commit': https://americanpackaging.com/u/files/APC_Circular-Great-Lakes-Press-Release_FINAL88.docx
Error crawling https://americanpackaging.com/u/files/APC_Circular-Great-Lakes-Press-Release_FINAL88.docx (attempt 1/3): Page.goto: Download is starting
Call log:
  - navigating to "https://americanpackaging.com/u/files/APC_Circular-Great-Lakes-Press-Release_FINAL88.docx", waiting until "domcontentloaded"

Error crawling https://americanpackaging.com/u/files/APC_Circular-Great-Lakes-Press-Release_FINAL88.docx (attempt 2/3): Page.goto: Download is starting
Call log:
  - navigating to "https://americanpackaging.com/u/files/APC_Circular-Great-Lakes-Press-Release_FINAL88.docx", waiting until "domcontentloaded"

Error crawling https://americanpackaging.com/u/files/APC_Circular-Great-Lakes-Press-Release_FINAL88.docx (attempt 3/3): Page.goto: Download is starting
Call log:
  - navigating to "https://americanpackaging.com/u/files/APC_Circular-Great-Lakes-Press-Release_FINAL88.docx", waiting until "domcontentloaded"

Navigation failed with domcontentloaded, trying 'commit': https://americanpackaging.com/u/files/Issue-25-APC-Sustainable-Times-2025-Q3.pdf
Error crawling https://americanpackaging.com/u/files/Issue-25-APC-Sustainable-Times-2025-Q3.pdf (attempt 1/3): Page.goto: Download is starting
Call log:
  - navigating to "https://americanpackaging.com/u/files/Issue-25-APC-Sustainable-Times-2025-Q3.pdf", waiting until "domcontentloaded"

Error crawling https://americanpackaging.com/u/files/Issue-25-APC-Sustainable-Times-2025-Q3.pdf (attempt 2/3): Page.goto: Download is starting
Call log:
  - navigating to "https://americanpackaging.com/u/files/Issue-25-APC-Sustainable-Times-2025-Q3.pdf", waiting until "domcontentloaded"

Error crawling https://americanpackaging.com/u/files/Issue-25-APC-Sustainable-Times-2025-Q3.pdf (attempt 3/3): Page.goto: Download is starting
Call log:
  - navigating to "https://americanpackaging.com/u/files/Issue-25-APC-Sustainable-Times-2025-Q3.pdf", waiting until "domcontentloaded"

Navigation failed with domcontentloaded, trying 'commit': https://americanpackaging.com/u/guide/Issue-24-APC-Sustainable-Times-202-Q2.pdf
Error crawling https://americanpackaging.com/u/guide/Issue-24-APC-Sustainable-Times-202-Q2.pdf (attempt 1/3): Page.goto: Download is starting
Call log:
  - navigating to "https://americanpackaging.com/u/guide/Issue-24-APC-Sustainable-Times-202-Q2.pdf", waiting until "domcontentloaded"

Error crawling https://americanpackaging.com/u/guide/Issue-24-APC-Sustainable-Times-202-Q2.pdf (attempt 2/3): Page.goto: Download is starting
Call log:
  - navigating to "https://americanpackaging.com/u/guide/Issue-24-APC-Sustainable-Times-202-Q2.pdf", waiting until "domcontentloaded"

Error crawling https://americanpackaging.com/u/guide/Issue-24-APC-Sustainable-Times-202-Q2.pdf (attempt 3/3): Page.goto: Download is starting
Call log:
  - navigating to "https://americanpackaging.com/u/guide/Issue-24-APC-Sustainable-Times-202-Q2.pdf", waiting until "domcontentloaded"

Navigation failed with domcontentloaded, trying 'commit': https://americanpackaging.com/u/files/Material-Options-and-Consideration-for-Utilizing-Bio-Content-in-Flexible-Packaging-Applications.pdf
Error crawling https://americanpackaging.com/u/files/Material-Options-and-Consideration-for-Utilizing-Bio-Content-in-Flexible-Packaging-Applications.pdf (attempt 1/3): Page.goto: Download is starting
Call log:
  - navigating to "https://americanpackaging.com/u/files/Material-Options-and-Consideration-for-Utilizing-Bio-Content-in-Flexible-Packaging-Applications.pdf", waiting until "domcontentloaded"

Error crawling https://americanpackaging.com/u/files/Material-Options-and-Consideration-for-Utilizing-Bio-Content-in-Flexible-Packaging-Applications.pdf (attempt 2/3): Page.goto: Download is starting
Call log:
  - navigating to "https://americanpackaging.com/u/files/Material-Options-and-Consideration-for-Utilizing-Bio-Content-in-Flexible-Packaging-Applications.pdf", waiting until "domcontentloaded"

Error crawling https://americanpackaging.com/u/files/Material-Options-and-Consideration-for-Utilizing-Bio-Content-in-Flexible-Packaging-Applications.pdf (attempt 3/3): Page.goto: Download is starting
Call log:
  - navigating to "https://americanpackaging.com/u/files/Material-Options-and-Consideration-for-Utilizing-Bio-Content-in-Flexible-Packaging-Applications.pdf", waiting until "domcontentloaded"

Navigation failed with domcontentloaded, trying 'commit': https://americanpackaging.com/u/files/Issue-23-APC-Sustainable-Times-2024-Q4.pdf
Error crawling https://americanpackaging.com/u/files/Issue-23-APC-Sustainable-Times-2024-Q4.pdf (attempt 1/3): Page.goto: Download is starting
Call log:
  - navigating to "https://americanpackaging.com/u/files/Issue-23-APC-Sustainable-Times-2024-Q4.pdf", waiting until "domcontentloaded"

Error crawling https://americanpackaging.com/u/files/Issue-23-APC-Sustainable-Times-2024-Q4.pdf (attempt 2/3): Page.goto: Download is starting
Call log:
  - navigating to "https://americanpackaging.com/u/files/Issue-23-APC-Sustainable-Times-2024-Q4.pdf", waiting until "domcontentloaded"

Error crawling https://americanpackaging.com/u/files/Issue-23-APC-Sustainable-Times-2024-Q4.pdf (attempt 3/3): Page.goto: Download is starting
Call log:
  - navigating to "https://americanpackaging.com/u/files/Issue-23-APC-Sustainable-Times-2024-Q4.pdf", waiting until "domcontentloaded"

Navigation failed with domcontentloaded, trying 'commit': https://americanpackaging.com/u/files/2024.12.09-PR-High-Perf-Paper-Recycle-Ready-FINAL.pdf
Error crawling https://americanpackaging.com/u/files/2024.12.09-PR-High-Perf-Paper-Recycle-Ready-FINAL.pdf (attempt 1/3): Page.goto: Download is starting
Call log:
  - navigating to "https://americanpackaging.com/u/files/2024.12.09-PR-High-Perf-Paper-Recycle-Ready-FINAL.pdf", waiting until "domcontentloaded"

Error crawling https://americanpackaging.com/u/files/2024.12.09-PR-High-Perf-Paper-Recycle-Ready-FINAL.pdf (attempt 2/3): Page.goto: Download is starting
Call log:
  - navigating to "https://americanpackaging.com/u/files/2024.12.09-PR-High-Perf-Paper-Recycle-Ready-FINAL.pdf", waiting until "domcontentloaded"

Error crawling https://americanpackaging.com/u/files/2024.12.09-PR-High-Perf-Paper-Recycle-Ready-FINAL.pdf (attempt 3/3): Page.goto: Download is starting
Call log:
  - navigating to "https://americanpackaging.com/u/files/2024.12.09-PR-High-Perf-Paper-Recycle-Ready-FINAL.pdf", waiting until "domcontentloaded"

Navigation failed with domcontentloaded, trying 'commit': https://americanpackaging.com/u/guide/Issue-22-APC-Sustainable-Times-2024.09.pdf
Error crawling https://americanpackaging.com/u/guide/Issue-22-APC-Sustainable-Times-2024.09.pdf (attempt 1/3): Page.goto: Download is starting
Call log:
  - navigating to "https://americanpackaging.com/u/guide/Issue-22-APC-Sustainable-Times-2024.09.pdf", waiting until "domcontentloaded"

Error crawling https://americanpackaging.com/u/guide/Issue-22-APC-Sustainable-Times-2024.09.pdf (attempt 2/3): Page.goto: Download is starting
Call log:
  - navigating to "https://americanpackaging.com/u/guide/Issue-22-APC-Sustainable-Times-2024.09.pdf", waiting until "domcontentloaded"

Error crawling https://americanpackaging.com/u/guide/Issue-22-APC-Sustainable-Times-2024.09.pdf (attempt 3/3): Page.goto: Download is starting
Call log:
  - navigating to "https://americanpackaging.com/u/guide/Issue-22-APC-Sustainable-Times-2024.09.pdf", waiting until "domcontentloaded"

Navigation failed with domcontentloaded, trying 'commit': https://americanpackaging.com/u/guide/Issue-21-APC-Sustainable-Times-2024.06.pdf
Error crawling https://americanpackaging.com/u/guide/Issue-21-APC-Sustainable-Times-2024.06.pdf (attempt 1/3): Page.goto: Download is starting
Call log:
  - navigating to "https://americanpackaging.com/u/guide/Issue-21-APC-Sustainable-Times-2024.06.pdf", waiting until "domcontentloaded"

Error crawling https://americanpackaging.com/u/guide/Issue-21-APC-Sustainable-Times-2024.06.pdf (attempt 2/3): Page.goto: Download is starting
Call log:
  - navigating to "https://americanpackaging.com/u/guide/Issue-21-APC-Sustainable-Times-2024.06.pdf", waiting until "domcontentloaded"

Error crawling https://americanpackaging.com/u/guide/Issue-21-APC-Sustainable-Times-2024.06.pdf (attempt 3/3): Page.goto: Download is starting
Call log:
  - navigating to "https://americanpackaging.com/u/guide/Issue-21-APC-Sustainable-Times-2024.06.pdf", waiting until "domcontentloaded"

Navigation failed with domcontentloaded, trying 'commit': https://americanpackaging.com/u/files/Revised-2024.05.13-APC-Wisc-Digital-Cell-002.pdf
Error crawling https://americanpackaging.com/u/files/Revised-2024.05.13-APC-Wisc-Digital-Cell-002.pdf (attempt 1/3): Page.goto: Download is starting
Call log:
  - navigating to "https://americanpackaging.com/u/files/Revised-2024.05.13-APC-Wisc-Digital-Cell-002.pdf", waiting until "domcontentloaded"

Error crawling https://americanpackaging.com/u/files/Revised-2024.05.13-APC-Wisc-Digital-Cell-002.pdf (attempt 2/3): Page.goto: Download is starting
Call log:
  - navigating to "https://americanpackaging.com/u/files/Revised-2024.05.13-APC-Wisc-Digital-Cell-002.pdf", waiting until "domcontentloaded"

Error crawling https://americanpackaging.com/u/files/Revised-2024.05.13-APC-Wisc-Digital-Cell-002.pdf (attempt 3/3): Page.goto: Download is starting
Call log:
  - navigating to "https://americanpackaging.com/u/files/Revised-2024.05.13-APC-Wisc-Digital-Cell-002.pdf", waiting until "domcontentloaded"

Navigation failed with domcontentloaded, trying 'commit': https://americanpackaging.com/u/files/2024.04.25-Pet-Care-Design-for-Recycle.pdf
Error crawling https://americanpackaging.com/u/files/2024.04.25-Pet-Care-Design-for-Recycle.pdf (attempt 1/3): Page.goto: Download is starting
Call log:
  - navigating to "https://americanpackaging.com/u/files/2024.04.25-Pet-Care-Design-for-Recycle.pdf", waiting until "domcontentloaded"

Error crawling https://americanpackaging.com/u/files/2024.04.25-Pet-Care-Design-for-Recycle.pdf (attempt 2/3): Page.goto: Download is starting
Call log:
  - navigating to "https://americanpackaging.com/u/files/2024.04.25-Pet-Care-Design-for-Recycle.pdf", waiting until "domcontentloaded"

Error crawling https://americanpackaging.com/u/files/2024.04.25-Pet-Care-Design-for-Recycle.pdf (attempt 3/3): Page.goto: Download is starting
Call log:
  - navigating to "https://americanpackaging.com/u/files/2024.04.25-Pet-Care-Design-for-Recycle.pdf", waiting until "domcontentloaded"

Navigation failed with domcontentloaded, trying 'commit': https://americanpackaging.com/u/files/2024.02.19-Frozen-Food-Design-for-Recycle.pdf
Error crawling https://americanpackaging.com/u/files/2024.02.19-Frozen-Food-Design-for-Recycle.pdf (attempt 1/3): Page.goto: Download is starting
Call log:
  - navigating to "https://americanpackaging.com/u/files/2024.02.19-Frozen-Food-Design-for-Recycle.pdf", waiting until "domcontentloaded"

Error crawling https://americanpackaging.com/u/files/2024.02.19-Frozen-Food-Design-for-Recycle.pdf (attempt 2/3): Page.goto: Download is starting
Call log:
  - navigating to "https://americanpackaging.com/u/files/2024.02.19-Frozen-Food-Design-for-Recycle.pdf", waiting until "domcontentloaded"

Error crawling https://americanpackaging.com/u/files/2024.02.19-Frozen-Food-Design-for-Recycle.pdf (attempt 3/3): Page.goto: Download is starting
Call log:
  - navigating to "https://americanpackaging.com/u/files/2024.02.19-Frozen-Food-Design-for-Recycle.pdf", waiting until "domcontentloaded"

Navigation failed with domcontentloaded, trying 'commit': https://americanpackaging.com/u/files/2024.01.30-APC-Achieves-ISSC-Plus-Certification.pdf
Error crawling https://americanpackaging.com/u/files/2024.01.30-APC-Achieves-ISSC-Plus-Certification.pdf (attempt 1/3): Page.goto: Download is starting
Call log:
  - navigating to "https://americanpackaging.com/u/files/2024.01.30-APC-Achieves-ISSC-Plus-Certification.pdf", waiting until "domcontentloaded"

Error crawling https://americanpackaging.com/u/files/2024.01.30-APC-Achieves-ISSC-Plus-Certification.pdf (attempt 2/3): Page.goto: Download is starting
Call log:
  - navigating to "https://americanpackaging.com/u/files/2024.01.30-APC-Achieves-ISSC-Plus-Certification.pdf", waiting until "domcontentloaded"

Error crawling https://americanpackaging.com/u/files/2024.01.30-APC-Achieves-ISSC-Plus-Certification.pdf (attempt 3/3): Page.goto: Download is starting
Call log:
  - navigating to "https://americanpackaging.com/u/files/2024.01.30-APC-Achieves-ISSC-Plus-Certification.pdf", waiting until "domcontentloaded"

Navigation failed with domcontentloaded, trying 'commit': https://americanpackaging.com/u/files/Issue-20-APC-Sustainable-Times-2023.12.pdf
Error crawling https://americanpackaging.com/u/files/Issue-20-APC-Sustainable-Times-2023.12.pdf (attempt 1/3): Page.goto: Download is starting
Call log:
  - navigating to "https://americanpackaging.com/u/files/Issue-20-APC-Sustainable-Times-2023.12.pdf", waiting until "domcontentloaded"

Error crawling https://americanpackaging.com/u/files/Issue-20-APC-Sustainable-Times-2023.12.pdf (attempt 2/3): Page.goto: Download is starting
Call log:
  - navigating to "https://americanpackaging.com/u/files/Issue-20-APC-Sustainable-Times-2023.12.pdf", waiting until "domcontentloaded"

Error crawling https://americanpackaging.com/u/files/Issue-20-APC-Sustainable-Times-2023.12.pdf (attempt 3/3): Page.goto: Download is starting
Call log:
  - navigating to "https://americanpackaging.com/u/files/Issue-20-APC-Sustainable-Times-2023.12.pdf", waiting until "domcontentloaded"

Navigation failed with domcontentloaded, trying 'commit': https://americanpackaging.com/u/files/2023-Press-Release-APC-Leadership-Announcement-FINAL.pdf
Error crawling https://americanpackaging.com/u/files/2023-Press-Release-APC-Leadership-Announcement-FINAL.pdf (attempt 1/3): Page.goto: Download is starting
Call log:
  - navigating to "https://americanpackaging.com/u/files/2023-Press-Release-APC-Leadership-Announcement-FINAL.pdf", waiting until "domcontentloaded"

Error crawling https://americanpackaging.com/u/files/2023-Press-Release-APC-Leadership-Announcement-FINAL.pdf (attempt 2/3): Page.goto: Download is starting
Call log:
  - navigating to "https://americanpackaging.com/u/files/2023-Press-Release-APC-Leadership-Announcement-FINAL.pdf", waiting until "domcontentloaded"

Error crawling https://americanpackaging.com/u/files/2023-Press-Release-APC-Leadership-Announcement-FINAL.pdf (attempt 3/3): Page.goto: Download is starting
Call log:
  - navigating to "https://americanpackaging.com/u/files/2023-Press-Release-APC-Leadership-Announcement-FINAL.pdf", waiting until "domcontentloaded"

Navigation failed with domcontentloaded, trying 'commit': https://americanpackaging.com/u/files/Issue-17-APC-Sustainable-Times-2023.03.pdf
Error crawling https://americanpackaging.com/u/files/Issue-17-APC-Sustainable-Times-2023.03.pdf (attempt 1/3): Page.goto: Download is starting
Call log:
  - navigating to "https://americanpackaging.com/u/files/Issue-17-APC-Sustainable-Times-2023.03.pdf", waiting until "domcontentloaded"

Error crawling https://americanpackaging.com/u/files/Issue-17-APC-Sustainable-Times-2023.03.pdf (attempt 2/3): Page.goto: Download is starting
Call log:
  - navigating to "https://americanpackaging.com/u/files/Issue-17-APC-Sustainable-Times-2023.03.pdf", waiting until "domcontentloaded"

Error crawling https://americanpackaging.com/u/files/Issue-17-APC-Sustainable-Times-2023.03.pdf (attempt 3/3): Page.goto: Download is starting
Call log:
  - navigating to "https://americanpackaging.com/u/files/Issue-17-APC-Sustainable-Times-2023.03.pdf", waiting until "domcontentloaded"

Navigation failed with domcontentloaded, trying 'commit': https://americanpackaging.com/u/files/Issue-15-APC-Sustainable-Times-2022.09.pdf
Error crawling https://americanpackaging.com/u/files/Issue-15-APC-Sustainable-Times-2022.09.pdf (attempt 1/3): Page.goto: Download is starting
Call log:
  - navigating to "https://americanpackaging.com/u/files/Issue-15-APC-Sustainable-Times-2022.09.pdf", waiting until "domcontentloaded"

Error crawling https://americanpackaging.com/u/files/Issue-15-APC-Sustainable-Times-2022.09.pdf (attempt 2/3): Page.goto: Download is starting
Call log:
  - navigating to "https://americanpackaging.com/u/files/Issue-15-APC-Sustainable-Times-2022.09.pdf", waiting until "domcontentloaded"

Error crawling https://americanpackaging.com/u/files/Issue-15-APC-Sustainable-Times-2022.09.pdf (attempt 3/3): Page.goto: Download is starting
Call log:
  - navigating to "https://americanpackaging.com/u/files/Issue-15-APC-Sustainable-Times-2022.09.pdf", waiting until "domcontentloaded"

Navigation failed with domcontentloaded, trying 'commit': https://americanpackaging.com/u/files/DeForest-Times-Tribune-APC-adds-Utah-facility.pdf
Error crawling https://americanpackaging.com/u/files/DeForest-Times-Tribune-APC-adds-Utah-facility.pdf (attempt 1/3): Page.goto: Download is starting
Call log:
  - navigating to "https://americanpackaging.com/u/files/DeForest-Times-Tribune-APC-adds-Utah-facility.pdf", waiting until "domcontentloaded"

Error crawling https://americanpackaging.com/u/files/DeForest-Times-Tribune-APC-adds-Utah-facility.pdf (attempt 2/3): Page.goto: Download is starting
Call log:
  - navigating to "https://americanpackaging.com/u/files/DeForest-Times-Tribune-APC-adds-Utah-facility.pdf", waiting until "domcontentloaded"

Error crawling https://americanpackaging.com/u/files/DeForest-Times-Tribune-APC-adds-Utah-facility.pdf (attempt 3/3): Page.goto: Download is starting
Call log:
  - navigating to "https://americanpackaging.com/u/files/DeForest-Times-Tribune-APC-adds-Utah-facility.pdf", waiting until "domcontentloaded"

Navigation failed with domcontentloaded, trying 'commit': https://americanpackaging.com/u/files/Issue-12-APC-Sustainable-Times-2021.12.pdf
Error crawling https://americanpackaging.com/u/files/Issue-12-APC-Sustainable-Times-2021.12.pdf (attempt 1/3): Page.goto: Download is starting
Call log:
  - navigating to "https://americanpackaging.com/u/files/Issue-12-APC-Sustainable-Times-2021.12.pdf", waiting until "domcontentloaded"

Error crawling https://americanpackaging.com/u/files/Issue-12-APC-Sustainable-Times-2021.12.pdf (attempt 2/3): Page.goto: Download is starting
Call log:
  - navigating to "https://americanpackaging.com/u/files/Issue-12-APC-Sustainable-Times-2021.12.pdf", waiting until "domcontentloaded"

Error crawling https://americanpackaging.com/u/files/Issue-12-APC-Sustainable-Times-2021.12.pdf (attempt 3/3): Page.goto: Download is starting
Call log:
  - navigating to "https://americanpackaging.com/u/files/Issue-12-APC-Sustainable-Times-2021.12.pdf", waiting until "domcontentloaded"

Navigation failed with domcontentloaded, trying 'commit': https://americanpackaging.com/u/files/Issue-11-APC-Sustainable-Times-2021.09.pdf
Error crawling https://americanpackaging.com/u/files/Issue-11-APC-Sustainable-Times-2021.09.pdf (attempt 1/3): Page.goto: Download is starting
Call log:
  - navigating to "https://americanpackaging.com/u/files/Issue-11-APC-Sustainable-Times-2021.09.pdf", waiting until "domcontentloaded"

Error crawling https://americanpackaging.com/u/files/Issue-11-APC-Sustainable-Times-2021.09.pdf (attempt 2/3): Page.goto: Download is starting
Call log:
  - navigating to "https://americanpackaging.com/u/files/Issue-11-APC-Sustainable-Times-2021.09.pdf", waiting until "domcontentloaded"

Error crawling https://americanpackaging.com/u/files/Issue-11-APC-Sustainable-Times-2021.09.pdf (attempt 3/3): Page.goto: Download is starting
Call log:
  - navigating to "https://americanpackaging.com/u/files/Issue-11-APC-Sustainable-Times-2021.09.pdf", waiting until "domcontentloaded"

Navigation failed with domcontentloaded, trying 'commit': https://americanpackaging.com/u/files/Issue-10-APC-Sustainable-Times-2021.06.pdf
Error crawling https://americanpackaging.com/u/files/Issue-10-APC-Sustainable-Times-2021.06.pdf (attempt 1/3): Page.goto: Download is starting
Call log:
  - navigating to "https://americanpackaging.com/u/files/Issue-10-APC-Sustainable-Times-2021.06.pdf", waiting until "domcontentloaded"

Error crawling https://americanpackaging.com/u/files/Issue-10-APC-Sustainable-Times-2021.06.pdf (attempt 2/3): Page.goto: Download is starting
Call log:
  - navigating to "https://americanpackaging.com/u/files/Issue-10-APC-Sustainable-Times-2021.06.pdf", waiting until "domcontentloaded"

Error crawling https://americanpackaging.com/u/files/Issue-10-APC-Sustainable-Times-2021.06.pdf (attempt 3/3): Page.goto: Download is starting
Call log:
  - navigating to "https://americanpackaging.com/u/files/Issue-10-APC-Sustainable-Times-2021.06.pdf", waiting until "domcontentloaded"

Navigation failed with domcontentloaded, trying 'commit': https://americanpackaging.com/u/files/Issue-09-APC-Sustainable-Times-2021.03.pdf
Error crawling https://americanpackaging.com/u/files/Issue-09-APC-Sustainable-Times-2021.03.pdf (attempt 1/3): Page.goto: Download is starting
Call log:
  - navigating to "https://americanpackaging.com/u/files/Issue-09-APC-Sustainable-Times-2021.03.pdf", waiting until "domcontentloaded"

Error crawling https://americanpackaging.com/u/files/Issue-09-APC-Sustainable-Times-2021.03.pdf (attempt 2/3): Page.goto: Download is starting
Call log:
  - navigating to "https://americanpackaging.com/u/files/Issue-09-APC-Sustainable-Times-2021.03.pdf", waiting until "domcontentloaded"

Error crawling https://americanpackaging.com/u/files/Issue-09-APC-Sustainable-Times-2021.03.pdf (attempt 3/3): Page.goto: Download is starting
Call log:
  - navigating to "https://americanpackaging.com/u/files/Issue-09-APC-Sustainable-Times-2021.03.pdf", waiting until "domcontentloaded"

Navigation failed with domcontentloaded, trying 'commit': https://americanpackaging.com/u/guide/Issue-07-APC-Sustainable-Times-2020.09.pdf
Error crawling https://americanpackaging.com/u/guide/Issue-07-APC-Sustainable-Times-2020.09.pdf (attempt 1/3): Page.goto: Download is starting
Call log:
  - navigating to "https://americanpackaging.com/u/guide/Issue-07-APC-Sustainable-Times-2020.09.pdf", waiting until "domcontentloaded"

Error crawling https://americanpackaging.com/u/guide/Issue-07-APC-Sustainable-Times-2020.09.pdf (attempt 2/3): Page.goto: Download is starting
Call log:
  - navigating to "https://americanpackaging.com/u/guide/Issue-07-APC-Sustainable-Times-2020.09.pdf", waiting until "domcontentloaded"

Error crawling https://americanpackaging.com/u/guide/Issue-07-APC-Sustainable-Times-2020.09.pdf (attempt 3/3): Page.goto: Download is starting
Call log:
  - navigating to "https://americanpackaging.com/u/guide/Issue-07-APC-Sustainable-Times-2020.09.pdf", waiting until "domcontentloaded"


Successfully crawled 130 pages
  (42 pages failed to load)
⠹ Generating report...

HTML report saved to: report_americanpackaging_20251225_1927_d9bd475f.html

Scan ID: d9bd475f
